Linked: (/home/jose/cecs_461_ws/devel/.private/rtabmap_ros/share/gennodejs/ros/rtabmap_ros/_index.js, /home/jose/cecs_461_ws/devel/share/gennodejs/ros/rtabmap_ros/_index.js)
Linked: (/home/jose/cecs_461_ws/devel/.private/rtabmap_ros/share/gennodejs/ros/rtabmap_ros/msg/RGBDImage.js, /home/jose/cecs_461_ws/devel/share/gennodejs/ros/rtabmap_ros/msg/RGBDImage.js)
Linked: (/home/jose/cecs_461_ws/devel/.private/rtabmap_ros/share/gennodejs/ros/rtabmap_ros/msg/Path.js, /home/jose/cecs_461_ws/devel/share/gennodejs/ros/rtabmap_ros/msg/Path.js)
Linked: (/home/jose/cecs_461_ws/devel/.private/rtabmap_ros/share/gennodejs/ros/rtabmap_ros/msg/Goal.js, /home/jose/cecs_461_ws/devel/share/gennodejs/ros/rtabmap_ros/msg/Goal.js)
Linked: (/home/jose/cecs_461_ws/devel/.private/rtabmap_ros/share/gennodejs/ros/rtabmap_ros/msg/Info.js, /home/jose/cecs_461_ws/devel/share/gennodejs/ros/rtabmap_ros/msg/Info.js)
Linked: (/home/jose/cecs_461_ws/devel/.private/rtabmap_ros/share/gennodejs/ros/rtabmap_ros/msg/UserData.js, /home/jose/cecs_461_ws/devel/share/gennodejs/ros/rtabmap_ros/msg/UserData.js)
Linked: (/home/jose/cecs_461_ws/devel/.private/rtabmap_ros/share/gennodejs/ros/rtabmap_ros/msg/Link.js, /home/jose/cecs_461_ws/devel/share/gennodejs/ros/rtabmap_ros/msg/Link.js)
Linked: (/home/jose/cecs_461_ws/devel/.private/rtabmap_ros/share/gennodejs/ros/rtabmap_ros/msg/NodeData.js, /home/jose/cecs_461_ws/devel/share/gennodejs/ros/rtabmap_ros/msg/NodeData.js)
Linked: (/home/jose/cecs_461_ws/devel/.private/rtabmap_ros/share/gennodejs/ros/rtabmap_ros/msg/KeyPoint.js, /home/jose/cecs_461_ws/devel/share/gennodejs/ros/rtabmap_ros/msg/KeyPoint.js)
Linked: (/home/jose/cecs_461_ws/devel/.private/rtabmap_ros/share/gennodejs/ros/rtabmap_ros/msg/MapData.js, /home/jose/cecs_461_ws/devel/share/gennodejs/ros/rtabmap_ros/msg/MapData.js)
Linked: (/home/jose/cecs_461_ws/devel/.private/rtabmap_ros/share/gennodejs/ros/rtabmap_ros/msg/MapGraph.js, /home/jose/cecs_461_ws/devel/share/gennodejs/ros/rtabmap_ros/msg/MapGraph.js)
Linked: (/home/jose/cecs_461_ws/devel/.private/rtabmap_ros/share/gennodejs/ros/rtabmap_ros/msg/OdomInfo.js, /home/jose/cecs_461_ws/devel/share/gennodejs/ros/rtabmap_ros/msg/OdomInfo.js)
Linked: (/home/jose/cecs_461_ws/devel/.private/rtabmap_ros/share/gennodejs/ros/rtabmap_ros/msg/Point2f.js, /home/jose/cecs_461_ws/devel/share/gennodejs/ros/rtabmap_ros/msg/Point2f.js)
Linked: (/home/jose/cecs_461_ws/devel/.private/rtabmap_ros/share/gennodejs/ros/rtabmap_ros/msg/Point3f.js, /home/jose/cecs_461_ws/devel/share/gennodejs/ros/rtabmap_ros/msg/Point3f.js)
Linked: (/home/jose/cecs_461_ws/devel/.private/rtabmap_ros/share/gennodejs/ros/rtabmap_ros/msg/GPS.js, /home/jose/cecs_461_ws/devel/share/gennodejs/ros/rtabmap_ros/msg/GPS.js)
Linked: (/home/jose/cecs_461_ws/devel/.private/rtabmap_ros/share/gennodejs/ros/rtabmap_ros/msg/_index.js, /home/jose/cecs_461_ws/devel/share/gennodejs/ros/rtabmap_ros/msg/_index.js)
Linked: (/home/jose/cecs_461_ws/devel/.private/rtabmap_ros/share/gennodejs/ros/rtabmap_ros/srv/GetPlan.js, /home/jose/cecs_461_ws/devel/share/gennodejs/ros/rtabmap_ros/srv/GetPlan.js)
Linked: (/home/jose/cecs_461_ws/devel/.private/rtabmap_ros/share/gennodejs/ros/rtabmap_ros/srv/SetLabel.js, /home/jose/cecs_461_ws/devel/share/gennodejs/ros/rtabmap_ros/srv/SetLabel.js)
Linked: (/home/jose/cecs_461_ws/devel/.private/rtabmap_ros/share/gennodejs/ros/rtabmap_ros/srv/PublishMap.js, /home/jose/cecs_461_ws/devel/share/gennodejs/ros/rtabmap_ros/srv/PublishMap.js)
Linked: (/home/jose/cecs_461_ws/devel/.private/rtabmap_ros/share/gennodejs/ros/rtabmap_ros/srv/GetMap.js, /home/jose/cecs_461_ws/devel/share/gennodejs/ros/rtabmap_ros/srv/GetMap.js)
Linked: (/home/jose/cecs_461_ws/devel/.private/rtabmap_ros/share/gennodejs/ros/rtabmap_ros/srv/SetGoal.js, /home/jose/cecs_461_ws/devel/share/gennodejs/ros/rtabmap_ros/srv/SetGoal.js)
Linked: (/home/jose/cecs_461_ws/devel/.private/rtabmap_ros/share/gennodejs/ros/rtabmap_ros/srv/ResetPose.js, /home/jose/cecs_461_ws/devel/share/gennodejs/ros/rtabmap_ros/srv/ResetPose.js)
Linked: (/home/jose/cecs_461_ws/devel/.private/rtabmap_ros/share/gennodejs/ros/rtabmap_ros/srv/ListLabels.js, /home/jose/cecs_461_ws/devel/share/gennodejs/ros/rtabmap_ros/srv/ListLabels.js)
Linked: (/home/jose/cecs_461_ws/devel/.private/rtabmap_ros/share/gennodejs/ros/rtabmap_ros/srv/_index.js, /home/jose/cecs_461_ws/devel/share/gennodejs/ros/rtabmap_ros/srv/_index.js)
Linked: (/home/jose/cecs_461_ws/devel/.private/rtabmap_ros/share/roseus/ros/rtabmap_ros/manifest.l, /home/jose/cecs_461_ws/devel/share/roseus/ros/rtabmap_ros/manifest.l)
Linked: (/home/jose/cecs_461_ws/devel/.private/rtabmap_ros/share/roseus/ros/rtabmap_ros/msg/Link.l, /home/jose/cecs_461_ws/devel/share/roseus/ros/rtabmap_ros/msg/Link.l)
Linked: (/home/jose/cecs_461_ws/devel/.private/rtabmap_ros/share/roseus/ros/rtabmap_ros/msg/Point2f.l, /home/jose/cecs_461_ws/devel/share/roseus/ros/rtabmap_ros/msg/Point2f.l)
Linked: (/home/jose/cecs_461_ws/devel/.private/rtabmap_ros/share/roseus/ros/rtabmap_ros/msg/GPS.l, /home/jose/cecs_461_ws/devel/share/roseus/ros/rtabmap_ros/msg/GPS.l)
Linked: (/home/jose/cecs_461_ws/devel/.private/rtabmap_ros/share/roseus/ros/rtabmap_ros/msg/Point3f.l, /home/jose/cecs_461_ws/devel/share/roseus/ros/rtabmap_ros/msg/Point3f.l)
Linked: (/home/jose/cecs_461_ws/devel/.private/rtabmap_ros/share/roseus/ros/rtabmap_ros/msg/Path.l, /home/jose/cecs_461_ws/devel/share/roseus/ros/rtabmap_ros/msg/Path.l)
Linked: (/home/jose/cecs_461_ws/devel/.private/rtabmap_ros/share/roseus/ros/rtabmap_ros/msg/RGBDImage.l, /home/jose/cecs_461_ws/devel/share/roseus/ros/rtabmap_ros/msg/RGBDImage.l)
Linked: (/home/jose/cecs_461_ws/devel/.private/rtabmap_ros/share/roseus/ros/rtabmap_ros/msg/Goal.l, /home/jose/cecs_461_ws/devel/share/roseus/ros/rtabmap_ros/msg/Goal.l)
Linked: (/home/jose/cecs_461_ws/devel/.private/rtabmap_ros/share/roseus/ros/rtabmap_ros/msg/OdomInfo.l, /home/jose/cecs_461_ws/devel/share/roseus/ros/rtabmap_ros/msg/OdomInfo.l)
Linked: (/home/jose/cecs_461_ws/devel/.private/rtabmap_ros/share/roseus/ros/rtabmap_ros/msg/Info.l, /home/jose/cecs_461_ws/devel/share/roseus/ros/rtabmap_ros/msg/Info.l)
Linked: (/home/jose/cecs_461_ws/devel/.private/rtabmap_ros/share/roseus/ros/rtabmap_ros/msg/UserData.l, /home/jose/cecs_461_ws/devel/share/roseus/ros/rtabmap_ros/msg/UserData.l)
Linked: (/home/jose/cecs_461_ws/devel/.private/rtabmap_ros/share/roseus/ros/rtabmap_ros/msg/NodeData.l, /home/jose/cecs_461_ws/devel/share/roseus/ros/rtabmap_ros/msg/NodeData.l)
Linked: (/home/jose/cecs_461_ws/devel/.private/rtabmap_ros/share/roseus/ros/rtabmap_ros/msg/MapGraph.l, /home/jose/cecs_461_ws/devel/share/roseus/ros/rtabmap_ros/msg/MapGraph.l)
Linked: (/home/jose/cecs_461_ws/devel/.private/rtabmap_ros/share/roseus/ros/rtabmap_ros/msg/KeyPoint.l, /home/jose/cecs_461_ws/devel/share/roseus/ros/rtabmap_ros/msg/KeyPoint.l)
Linked: (/home/jose/cecs_461_ws/devel/.private/rtabmap_ros/share/roseus/ros/rtabmap_ros/msg/MapData.l, /home/jose/cecs_461_ws/devel/share/roseus/ros/rtabmap_ros/msg/MapData.l)
Linked: (/home/jose/cecs_461_ws/devel/.private/rtabmap_ros/share/roseus/ros/rtabmap_ros/srv/GetMap.l, /home/jose/cecs_461_ws/devel/share/roseus/ros/rtabmap_ros/srv/GetMap.l)
Linked: (/home/jose/cecs_461_ws/devel/.private/rtabmap_ros/share/roseus/ros/rtabmap_ros/srv/SetLabel.l, /home/jose/cecs_461_ws/devel/share/roseus/ros/rtabmap_ros/srv/SetLabel.l)
Linked: (/home/jose/cecs_461_ws/devel/.private/rtabmap_ros/share/roseus/ros/rtabmap_ros/srv/GetPlan.l, /home/jose/cecs_461_ws/devel/share/roseus/ros/rtabmap_ros/srv/GetPlan.l)
Linked: (/home/jose/cecs_461_ws/devel/.private/rtabmap_ros/share/roseus/ros/rtabmap_ros/srv/ResetPose.l, /home/jose/cecs_461_ws/devel/share/roseus/ros/rtabmap_ros/srv/ResetPose.l)
Linked: (/home/jose/cecs_461_ws/devel/.private/rtabmap_ros/share/roseus/ros/rtabmap_ros/srv/PublishMap.l, /home/jose/cecs_461_ws/devel/share/roseus/ros/rtabmap_ros/srv/PublishMap.l)
Linked: (/home/jose/cecs_461_ws/devel/.private/rtabmap_ros/share/roseus/ros/rtabmap_ros/srv/ListLabels.l, /home/jose/cecs_461_ws/devel/share/roseus/ros/rtabmap_ros/srv/ListLabels.l)
Linked: (/home/jose/cecs_461_ws/devel/.private/rtabmap_ros/share/roseus/ros/rtabmap_ros/srv/SetGoal.l, /home/jose/cecs_461_ws/devel/share/roseus/ros/rtabmap_ros/srv/SetGoal.l)
Linked: (/home/jose/cecs_461_ws/devel/.private/rtabmap_ros/share/rtabmap_ros/cmake/rtabmap_ros-msg-extras.cmake, /home/jose/cecs_461_ws/devel/share/rtabmap_ros/cmake/rtabmap_ros-msg-extras.cmake)
Linked: (/home/jose/cecs_461_ws/devel/.private/rtabmap_ros/share/rtabmap_ros/cmake/rtabmap_rosConfig-version.cmake, /home/jose/cecs_461_ws/devel/share/rtabmap_ros/cmake/rtabmap_rosConfig-version.cmake)
Linked: (/home/jose/cecs_461_ws/devel/.private/rtabmap_ros/share/rtabmap_ros/cmake/rtabmap_ros-msg-paths.cmake, /home/jose/cecs_461_ws/devel/share/rtabmap_ros/cmake/rtabmap_ros-msg-paths.cmake)
Linked: (/home/jose/cecs_461_ws/devel/.private/rtabmap_ros/share/rtabmap_ros/cmake/rtabmap_rosConfig.cmake, /home/jose/cecs_461_ws/devel/share/rtabmap_ros/cmake/rtabmap_rosConfig.cmake)
Linked: (/home/jose/cecs_461_ws/devel/.private/rtabmap_ros/share/rtabmap_ros/docs/CameraConfig-usage.dox, /home/jose/cecs_461_ws/devel/share/rtabmap_ros/docs/CameraConfig-usage.dox)
Linked: (/home/jose/cecs_461_ws/devel/.private/rtabmap_ros/share/rtabmap_ros/docs/CameraConfig.dox, /home/jose/cecs_461_ws/devel/share/rtabmap_ros/docs/CameraConfig.dox)
Linked: (/home/jose/cecs_461_ws/devel/.private/rtabmap_ros/share/rtabmap_ros/docs/CameraConfig.wikidoc, /home/jose/cecs_461_ws/devel/share/rtabmap_ros/docs/CameraConfig.wikidoc)
Linked: (/home/jose/cecs_461_ws/devel/.private/rtabmap_ros/share/common-lisp/ros/rtabmap_ros/msg/Link.lisp, /home/jose/cecs_461_ws/devel/share/common-lisp/ros/rtabmap_ros/msg/Link.lisp)
Linked: (/home/jose/cecs_461_ws/devel/.private/rtabmap_ros/share/common-lisp/ros/rtabmap_ros/msg/Path.lisp, /home/jose/cecs_461_ws/devel/share/common-lisp/ros/rtabmap_ros/msg/Path.lisp)
Linked: (/home/jose/cecs_461_ws/devel/.private/rtabmap_ros/share/common-lisp/ros/rtabmap_ros/msg/RGBDImage.lisp, /home/jose/cecs_461_ws/devel/share/common-lisp/ros/rtabmap_ros/msg/RGBDImage.lisp)
Linked: (/home/jose/cecs_461_ws/devel/.private/rtabmap_ros/share/common-lisp/ros/rtabmap_ros/msg/_package_MapGraph.lisp, /home/jose/cecs_461_ws/devel/share/common-lisp/ros/rtabmap_ros/msg/_package_MapGraph.lisp)
Linked: (/home/jose/cecs_461_ws/devel/.private/rtabmap_ros/share/common-lisp/ros/rtabmap_ros/msg/_package_OdomInfo.lisp, /home/jose/cecs_461_ws/devel/share/common-lisp/ros/rtabmap_ros/msg/_package_OdomInfo.lisp)
Linked: (/home/jose/cecs_461_ws/devel/.private/rtabmap_ros/share/common-lisp/ros/rtabmap_ros/msg/_package_RGBDImage.lisp, /home/jose/cecs_461_ws/devel/share/common-lisp/ros/rtabmap_ros/msg/_package_RGBDImage.lisp)
Linked: (/home/jose/cecs_461_ws/devel/.private/rtabmap_ros/share/common-lisp/ros/rtabmap_ros/msg/GPS.lisp, /home/jose/cecs_461_ws/devel/share/common-lisp/ros/rtabmap_ros/msg/GPS.lisp)
Linked: (/home/jose/cecs_461_ws/devel/.private/rtabmap_ros/share/common-lisp/ros/rtabmap_ros/msg/_package_Goal.lisp, /home/jose/cecs_461_ws/devel/share/common-lisp/ros/rtabmap_ros/msg/_package_Goal.lisp)
Linked: (/home/jose/cecs_461_ws/devel/.private/rtabmap_ros/share/common-lisp/ros/rtabmap_ros/msg/MapData.lisp, /home/jose/cecs_461_ws/devel/share/common-lisp/ros/rtabmap_ros/msg/MapData.lisp)
Linked: (/home/jose/cecs_461_ws/devel/.private/rtabmap_ros/share/common-lisp/ros/rtabmap_ros/msg/Point2f.lisp, /home/jose/cecs_461_ws/devel/share/common-lisp/ros/rtabmap_ros/msg/Point2f.lisp)
Linked: (/home/jose/cecs_461_ws/devel/.private/rtabmap_ros/share/common-lisp/ros/rtabmap_ros/msg/OdomInfo.lisp, /home/jose/cecs_461_ws/devel/share/common-lisp/ros/rtabmap_ros/msg/OdomInfo.lisp)
Linked: (/home/jose/cecs_461_ws/devel/.private/rtabmap_ros/share/common-lisp/ros/rtabmap_ros/msg/UserData.lisp, /home/jose/cecs_461_ws/devel/share/common-lisp/ros/rtabmap_ros/msg/UserData.lisp)
Linked: (/home/jose/cecs_461_ws/devel/.private/rtabmap_ros/share/common-lisp/ros/rtabmap_ros/msg/_package_Point2f.lisp, /home/jose/cecs_461_ws/devel/share/common-lisp/ros/rtabmap_ros/msg/_package_Point2f.lisp)
Linked: (/home/jose/cecs_461_ws/devel/.private/rtabmap_ros/share/common-lisp/ros/rtabmap_ros/msg/_package_Path.lisp, /home/jose/cecs_461_ws/devel/share/common-lisp/ros/rtabmap_ros/msg/_package_Path.lisp)
Linked: (/home/jose/cecs_461_ws/devel/.private/rtabmap_ros/share/common-lisp/ros/rtabmap_ros/msg/Point3f.lisp, /home/jose/cecs_461_ws/devel/share/common-lisp/ros/rtabmap_ros/msg/Point3f.lisp)
Linked: (/home/jose/cecs_461_ws/devel/.private/rtabmap_ros/share/common-lisp/ros/rtabmap_ros/msg/_package.lisp, /home/jose/cecs_461_ws/devel/share/common-lisp/ros/rtabmap_ros/msg/_package.lisp)
Linked: (/home/jose/cecs_461_ws/devel/.private/rtabmap_ros/share/common-lisp/ros/rtabmap_ros/msg/Info.lisp, /home/jose/cecs_461_ws/devel/share/common-lisp/ros/rtabmap_ros/msg/Info.lisp)
Linked: (/home/jose/cecs_461_ws/devel/.private/rtabmap_ros/share/common-lisp/ros/rtabmap_ros/msg/_package_Info.lisp, /home/jose/cecs_461_ws/devel/share/common-lisp/ros/rtabmap_ros/msg/_package_Info.lisp)
Linked: (/home/jose/cecs_461_ws/devel/.private/rtabmap_ros/share/common-lisp/ros/rtabmap_ros/msg/_package_Link.lisp, /home/jose/cecs_461_ws/devel/share/common-lisp/ros/rtabmap_ros/msg/_package_Link.lisp)
Linked: (/home/jose/cecs_461_ws/devel/.private/rtabmap_ros/share/common-lisp/ros/rtabmap_ros/msg/_package_GPS.lisp, /home/jose/cecs_461_ws/devel/share/common-lisp/ros/rtabmap_ros/msg/_package_GPS.lisp)
Linked: (/home/jose/cecs_461_ws/devel/.private/rtabmap_ros/share/common-lisp/ros/rtabmap_ros/msg/_package_NodeData.lisp, /home/jose/cecs_461_ws/devel/share/common-lisp/ros/rtabmap_ros/msg/_package_NodeData.lisp)
Linked: (/home/jose/cecs_461_ws/devel/.private/rtabmap_ros/share/common-lisp/ros/rtabmap_ros/msg/_package_UserData.lisp, /home/jose/cecs_461_ws/devel/share/common-lisp/ros/rtabmap_ros/msg/_package_UserData.lisp)
Linked: (/home/jose/cecs_461_ws/devel/.private/rtabmap_ros/share/common-lisp/ros/rtabmap_ros/msg/_package_KeyPoint.lisp, /home/jose/cecs_461_ws/devel/share/common-lisp/ros/rtabmap_ros/msg/_package_KeyPoint.lisp)
Linked: (/home/jose/cecs_461_ws/devel/.private/rtabmap_ros/share/common-lisp/ros/rtabmap_ros/msg/_package_Point3f.lisp, /home/jose/cecs_461_ws/devel/share/common-lisp/ros/rtabmap_ros/msg/_package_Point3f.lisp)
Linked: (/home/jose/cecs_461_ws/devel/.private/rtabmap_ros/share/common-lisp/ros/rtabmap_ros/msg/_package_MapData.lisp, /home/jose/cecs_461_ws/devel/share/common-lisp/ros/rtabmap_ros/msg/_package_MapData.lisp)
Linked: (/home/jose/cecs_461_ws/devel/.private/rtabmap_ros/share/common-lisp/ros/rtabmap_ros/msg/NodeData.lisp, /home/jose/cecs_461_ws/devel/share/common-lisp/ros/rtabmap_ros/msg/NodeData.lisp)
Linked: (/home/jose/cecs_461_ws/devel/.private/rtabmap_ros/share/common-lisp/ros/rtabmap_ros/msg/KeyPoint.lisp, /home/jose/cecs_461_ws/devel/share/common-lisp/ros/rtabmap_ros/msg/KeyPoint.lisp)
Linked: (/home/jose/cecs_461_ws/devel/.private/rtabmap_ros/share/common-lisp/ros/rtabmap_ros/msg/Goal.lisp, /home/jose/cecs_461_ws/devel/share/common-lisp/ros/rtabmap_ros/msg/Goal.lisp)
Linked: (/home/jose/cecs_461_ws/devel/.private/rtabmap_ros/share/common-lisp/ros/rtabmap_ros/msg/rtabmap_ros-msg.asd, /home/jose/cecs_461_ws/devel/share/common-lisp/ros/rtabmap_ros/msg/rtabmap_ros-msg.asd)
Linked: (/home/jose/cecs_461_ws/devel/.private/rtabmap_ros/share/common-lisp/ros/rtabmap_ros/msg/MapGraph.lisp, /home/jose/cecs_461_ws/devel/share/common-lisp/ros/rtabmap_ros/msg/MapGraph.lisp)
Linked: (/home/jose/cecs_461_ws/devel/.private/rtabmap_ros/share/common-lisp/ros/rtabmap_ros/srv/PublishMap.lisp, /home/jose/cecs_461_ws/devel/share/common-lisp/ros/rtabmap_ros/srv/PublishMap.lisp)
Linked: (/home/jose/cecs_461_ws/devel/.private/rtabmap_ros/share/common-lisp/ros/rtabmap_ros/srv/_package_ListLabels.lisp, /home/jose/cecs_461_ws/devel/share/common-lisp/ros/rtabmap_ros/srv/_package_ListLabels.lisp)
Linked: (/home/jose/cecs_461_ws/devel/.private/rtabmap_ros/share/common-lisp/ros/rtabmap_ros/srv/GetMap.lisp, /home/jose/cecs_461_ws/devel/share/common-lisp/ros/rtabmap_ros/srv/GetMap.lisp)
Linked: (/home/jose/cecs_461_ws/devel/.private/rtabmap_ros/share/common-lisp/ros/rtabmap_ros/srv/_package_PublishMap.lisp, /home/jose/cecs_461_ws/devel/share/common-lisp/ros/rtabmap_ros/srv/_package_PublishMap.lisp)
Linked: (/home/jose/cecs_461_ws/devel/.private/rtabmap_ros/share/common-lisp/ros/rtabmap_ros/srv/SetGoal.lisp, /home/jose/cecs_461_ws/devel/share/common-lisp/ros/rtabmap_ros/srv/SetGoal.lisp)
Linked: (/home/jose/cecs_461_ws/devel/.private/rtabmap_ros/share/common-lisp/ros/rtabmap_ros/srv/_package_GetMap.lisp, /home/jose/cecs_461_ws/devel/share/common-lisp/ros/rtabmap_ros/srv/_package_GetMap.lisp)
Linked: (/home/jose/cecs_461_ws/devel/.private/rtabmap_ros/share/common-lisp/ros/rtabmap_ros/srv/_package_SetLabel.lisp, /home/jose/cecs_461_ws/devel/share/common-lisp/ros/rtabmap_ros/srv/_package_SetLabel.lisp)
Linked: (/home/jose/cecs_461_ws/devel/.private/rtabmap_ros/share/common-lisp/ros/rtabmap_ros/srv/_package_GetPlan.lisp, /home/jose/cecs_461_ws/devel/share/common-lisp/ros/rtabmap_ros/srv/_package_GetPlan.lisp)
Linked: (/home/jose/cecs_461_ws/devel/.private/rtabmap_ros/share/common-lisp/ros/rtabmap_ros/srv/_package_ResetPose.lisp, /home/jose/cecs_461_ws/devel/share/common-lisp/ros/rtabmap_ros/srv/_package_ResetPose.lisp)
Linked: (/home/jose/cecs_461_ws/devel/.private/rtabmap_ros/share/common-lisp/ros/rtabmap_ros/srv/_package.lisp, /home/jose/cecs_461_ws/devel/share/common-lisp/ros/rtabmap_ros/srv/_package.lisp)
Linked: (/home/jose/cecs_461_ws/devel/.private/rtabmap_ros/share/common-lisp/ros/rtabmap_ros/srv/_package_SetGoal.lisp, /home/jose/cecs_461_ws/devel/share/common-lisp/ros/rtabmap_ros/srv/_package_SetGoal.lisp)
Linked: (/home/jose/cecs_461_ws/devel/.private/rtabmap_ros/share/common-lisp/ros/rtabmap_ros/srv/ListLabels.lisp, /home/jose/cecs_461_ws/devel/share/common-lisp/ros/rtabmap_ros/srv/ListLabels.lisp)
Linked: (/home/jose/cecs_461_ws/devel/.private/rtabmap_ros/share/common-lisp/ros/rtabmap_ros/srv/rtabmap_ros-srv.asd, /home/jose/cecs_461_ws/devel/share/common-lisp/ros/rtabmap_ros/srv/rtabmap_ros-srv.asd)
Linked: (/home/jose/cecs_461_ws/devel/.private/rtabmap_ros/share/common-lisp/ros/rtabmap_ros/srv/SetLabel.lisp, /home/jose/cecs_461_ws/devel/share/common-lisp/ros/rtabmap_ros/srv/SetLabel.lisp)
Linked: (/home/jose/cecs_461_ws/devel/.private/rtabmap_ros/share/common-lisp/ros/rtabmap_ros/srv/ResetPose.lisp, /home/jose/cecs_461_ws/devel/share/common-lisp/ros/rtabmap_ros/srv/ResetPose.lisp)
Linked: (/home/jose/cecs_461_ws/devel/.private/rtabmap_ros/share/common-lisp/ros/rtabmap_ros/srv/GetPlan.lisp, /home/jose/cecs_461_ws/devel/share/common-lisp/ros/rtabmap_ros/srv/GetPlan.lisp)
Linked: (/home/jose/cecs_461_ws/devel/.private/rtabmap_ros/include/rtabmap_ros/Path.h, /home/jose/cecs_461_ws/devel/include/rtabmap_ros/Path.h)
Linked: (/home/jose/cecs_461_ws/devel/.private/rtabmap_ros/include/rtabmap_ros/GetMapResponse.h, /home/jose/cecs_461_ws/devel/include/rtabmap_ros/GetMapResponse.h)
Linked: (/home/jose/cecs_461_ws/devel/.private/rtabmap_ros/include/rtabmap_ros/NodeData.h, /home/jose/cecs_461_ws/devel/include/rtabmap_ros/NodeData.h)
Linked: (/home/jose/cecs_461_ws/devel/.private/rtabmap_ros/include/rtabmap_ros/SetLabelResponse.h, /home/jose/cecs_461_ws/devel/include/rtabmap_ros/SetLabelResponse.h)
Linked: (/home/jose/cecs_461_ws/devel/.private/rtabmap_ros/include/rtabmap_ros/GetMap.h, /home/jose/cecs_461_ws/devel/include/rtabmap_ros/GetMap.h)
Linked: (/home/jose/cecs_461_ws/devel/.private/rtabmap_ros/include/rtabmap_ros/MapData.h, /home/jose/cecs_461_ws/devel/include/rtabmap_ros/MapData.h)
Linked: (/home/jose/cecs_461_ws/devel/.private/rtabmap_ros/include/rtabmap_ros/ResetPose.h, /home/jose/cecs_461_ws/devel/include/rtabmap_ros/ResetPose.h)
Linked: (/home/jose/cecs_461_ws/devel/.private/rtabmap_ros/include/rtabmap_ros/GPS.h, /home/jose/cecs_461_ws/devel/include/rtabmap_ros/GPS.h)
Linked: (/home/jose/cecs_461_ws/devel/.private/rtabmap_ros/include/rtabmap_ros/MapGraph.h, /home/jose/cecs_461_ws/devel/include/rtabmap_ros/MapGraph.h)
Linked: (/home/jose/cecs_461_ws/devel/.private/rtabmap_ros/include/rtabmap_ros/PublishMap.h, /home/jose/cecs_461_ws/devel/include/rtabmap_ros/PublishMap.h)
Linked: (/home/jose/cecs_461_ws/devel/.private/rtabmap_ros/include/rtabmap_ros/GetPlan.h, /home/jose/cecs_461_ws/devel/include/rtabmap_ros/GetPlan.h)
Linked: (/home/jose/cecs_461_ws/devel/.private/rtabmap_ros/include/rtabmap_ros/UserData.h, /home/jose/cecs_461_ws/devel/include/rtabmap_ros/UserData.h)
Linked: (/home/jose/cecs_461_ws/devel/.private/rtabmap_ros/include/rtabmap_ros/ResetPoseResponse.h, /home/jose/cecs_461_ws/devel/include/rtabmap_ros/ResetPoseResponse.h)
Linked: (/home/jose/cecs_461_ws/devel/.private/rtabmap_ros/include/rtabmap_ros/SetGoalResponse.h, /home/jose/cecs_461_ws/devel/include/rtabmap_ros/SetGoalResponse.h)
Linked: (/home/jose/cecs_461_ws/devel/.private/rtabmap_ros/include/rtabmap_ros/ListLabelsResponse.h, /home/jose/cecs_461_ws/devel/include/rtabmap_ros/ListLabelsResponse.h)
Linked: (/home/jose/cecs_461_ws/devel/.private/rtabmap_ros/include/rtabmap_ros/GetPlanRequest.h, /home/jose/cecs_461_ws/devel/include/rtabmap_ros/GetPlanRequest.h)
Linked: (/home/jose/cecs_461_ws/devel/.private/rtabmap_ros/include/rtabmap_ros/PublishMapRequest.h, /home/jose/cecs_461_ws/devel/include/rtabmap_ros/PublishMapRequest.h)
Linked: (/home/jose/cecs_461_ws/devel/.private/rtabmap_ros/include/rtabmap_ros/PublishMapResponse.h, /home/jose/cecs_461_ws/devel/include/rtabmap_ros/PublishMapResponse.h)
Linked: (/home/jose/cecs_461_ws/devel/.private/rtabmap_ros/include/rtabmap_ros/SetGoalRequest.h, /home/jose/cecs_461_ws/devel/include/rtabmap_ros/SetGoalRequest.h)
Linked: (/home/jose/cecs_461_ws/devel/.private/rtabmap_ros/include/rtabmap_ros/ListLabels.h, /home/jose/cecs_461_ws/devel/include/rtabmap_ros/ListLabels.h)
Linked: (/home/jose/cecs_461_ws/devel/.private/rtabmap_ros/include/rtabmap_ros/GetMapRequest.h, /home/jose/cecs_461_ws/devel/include/rtabmap_ros/GetMapRequest.h)
Linked: (/home/jose/cecs_461_ws/devel/.private/rtabmap_ros/include/rtabmap_ros/SetLabelRequest.h, /home/jose/cecs_461_ws/devel/include/rtabmap_ros/SetLabelRequest.h)
Linked: (/home/jose/cecs_461_ws/devel/.private/rtabmap_ros/include/rtabmap_ros/Point2f.h, /home/jose/cecs_461_ws/devel/include/rtabmap_ros/Point2f.h)
Linked: (/home/jose/cecs_461_ws/devel/.private/rtabmap_ros/include/rtabmap_ros/Point3f.h, /home/jose/cecs_461_ws/devel/include/rtabmap_ros/Point3f.h)
Linked: (/home/jose/cecs_461_ws/devel/.private/rtabmap_ros/include/rtabmap_ros/CameraConfig.h, /home/jose/cecs_461_ws/devel/include/rtabmap_ros/CameraConfig.h)
Linked: (/home/jose/cecs_461_ws/devel/.private/rtabmap_ros/include/rtabmap_ros/OdomInfo.h, /home/jose/cecs_461_ws/devel/include/rtabmap_ros/OdomInfo.h)
Linked: (/home/jose/cecs_461_ws/devel/.private/rtabmap_ros/include/rtabmap_ros/SetLabel.h, /home/jose/cecs_461_ws/devel/include/rtabmap_ros/SetLabel.h)
Linked: (/home/jose/cecs_461_ws/devel/.private/rtabmap_ros/include/rtabmap_ros/Info.h, /home/jose/cecs_461_ws/devel/include/rtabmap_ros/Info.h)
Linked: (/home/jose/cecs_461_ws/devel/.private/rtabmap_ros/include/rtabmap_ros/Link.h, /home/jose/cecs_461_ws/devel/include/rtabmap_ros/Link.h)
Linked: (/home/jose/cecs_461_ws/devel/.private/rtabmap_ros/include/rtabmap_ros/KeyPoint.h, /home/jose/cecs_461_ws/devel/include/rtabmap_ros/KeyPoint.h)
Linked: (/home/jose/cecs_461_ws/devel/.private/rtabmap_ros/include/rtabmap_ros/SetGoal.h, /home/jose/cecs_461_ws/devel/include/rtabmap_ros/SetGoal.h)
Linked: (/home/jose/cecs_461_ws/devel/.private/rtabmap_ros/include/rtabmap_ros/ResetPoseRequest.h, /home/jose/cecs_461_ws/devel/include/rtabmap_ros/ResetPoseRequest.h)
Linked: (/home/jose/cecs_461_ws/devel/.private/rtabmap_ros/include/rtabmap_ros/RGBDImage.h, /home/jose/cecs_461_ws/devel/include/rtabmap_ros/RGBDImage.h)
Linked: (/home/jose/cecs_461_ws/devel/.private/rtabmap_ros/include/rtabmap_ros/ListLabelsRequest.h, /home/jose/cecs_461_ws/devel/include/rtabmap_ros/ListLabelsRequest.h)
Linked: (/home/jose/cecs_461_ws/devel/.private/rtabmap_ros/include/rtabmap_ros/GetPlanResponse.h, /home/jose/cecs_461_ws/devel/include/rtabmap_ros/GetPlanResponse.h)
Linked: (/home/jose/cecs_461_ws/devel/.private/rtabmap_ros/include/rtabmap_ros/Goal.h, /home/jose/cecs_461_ws/devel/include/rtabmap_ros/Goal.h)
Linked: (/home/jose/cecs_461_ws/devel/.private/rtabmap_ros/lib/librtabmap_plugins.so, /home/jose/cecs_461_ws/devel/lib/librtabmap_plugins.so)
Linked: (/home/jose/cecs_461_ws/devel/.private/rtabmap_ros/lib/librtabmap_sync.so, /home/jose/cecs_461_ws/devel/lib/librtabmap_sync.so)
Linked: (/home/jose/cecs_461_ws/devel/.private/rtabmap_ros/lib/librtabmap_ros.so, /home/jose/cecs_461_ws/devel/lib/librtabmap_ros.so)
Linked: (/home/jose/cecs_461_ws/devel/.private/rtabmap_ros/lib/python2.7/dist-packages/rtabmap_ros/__init__.py, /home/jose/cecs_461_ws/devel/lib/python2.7/dist-packages/rtabmap_ros/__init__.py)
Linked: (/home/jose/cecs_461_ws/devel/.private/rtabmap_ros/lib/python2.7/dist-packages/rtabmap_ros/msg/_UserData.py, /home/jose/cecs_461_ws/devel/lib/python2.7/dist-packages/rtabmap_ros/msg/_UserData.py)
Linked: (/home/jose/cecs_461_ws/devel/.private/rtabmap_ros/lib/python2.7/dist-packages/rtabmap_ros/msg/_Link.py, /home/jose/cecs_461_ws/devel/lib/python2.7/dist-packages/rtabmap_ros/msg/_Link.py)
Linked: (/home/jose/cecs_461_ws/devel/.private/rtabmap_ros/lib/python2.7/dist-packages/rtabmap_ros/msg/_RGBDImage.py, /home/jose/cecs_461_ws/devel/lib/python2.7/dist-packages/rtabmap_ros/msg/_RGBDImage.py)
Linked: (/home/jose/cecs_461_ws/devel/.private/rtabmap_ros/lib/python2.7/dist-packages/rtabmap_ros/msg/_Point2f.py, /home/jose/cecs_461_ws/devel/lib/python2.7/dist-packages/rtabmap_ros/msg/_Point2f.py)
Linked: (/home/jose/cecs_461_ws/devel/.private/rtabmap_ros/lib/python2.7/dist-packages/rtabmap_ros/msg/_OdomInfo.py, /home/jose/cecs_461_ws/devel/lib/python2.7/dist-packages/rtabmap_ros/msg/_OdomInfo.py)
Linked: (/home/jose/cecs_461_ws/devel/.private/rtabmap_ros/lib/python2.7/dist-packages/rtabmap_ros/msg/__init__.py, /home/jose/cecs_461_ws/devel/lib/python2.7/dist-packages/rtabmap_ros/msg/__init__.py)
Linked: (/home/jose/cecs_461_ws/devel/.private/rtabmap_ros/lib/python2.7/dist-packages/rtabmap_ros/msg/_MapData.py, /home/jose/cecs_461_ws/devel/lib/python2.7/dist-packages/rtabmap_ros/msg/_MapData.py)
Linked: (/home/jose/cecs_461_ws/devel/.private/rtabmap_ros/lib/python2.7/dist-packages/rtabmap_ros/msg/_Info.py, /home/jose/cecs_461_ws/devel/lib/python2.7/dist-packages/rtabmap_ros/msg/_Info.py)
Linked: (/home/jose/cecs_461_ws/devel/.private/rtabmap_ros/lib/python2.7/dist-packages/rtabmap_ros/msg/_MapGraph.py, /home/jose/cecs_461_ws/devel/lib/python2.7/dist-packages/rtabmap_ros/msg/_MapGraph.py)
Linked: (/home/jose/cecs_461_ws/devel/.private/rtabmap_ros/lib/python2.7/dist-packages/rtabmap_ros/msg/_GPS.py, /home/jose/cecs_461_ws/devel/lib/python2.7/dist-packages/rtabmap_ros/msg/_GPS.py)
Linked: (/home/jose/cecs_461_ws/devel/.private/rtabmap_ros/lib/python2.7/dist-packages/rtabmap_ros/msg/_Goal.py, /home/jose/cecs_461_ws/devel/lib/python2.7/dist-packages/rtabmap_ros/msg/_Goal.py)
Linked: (/home/jose/cecs_461_ws/devel/.private/rtabmap_ros/lib/python2.7/dist-packages/rtabmap_ros/msg/_NodeData.py, /home/jose/cecs_461_ws/devel/lib/python2.7/dist-packages/rtabmap_ros/msg/_NodeData.py)
Linked: (/home/jose/cecs_461_ws/devel/.private/rtabmap_ros/lib/python2.7/dist-packages/rtabmap_ros/msg/_Path.py, /home/jose/cecs_461_ws/devel/lib/python2.7/dist-packages/rtabmap_ros/msg/_Path.py)
Linked: (/home/jose/cecs_461_ws/devel/.private/rtabmap_ros/lib/python2.7/dist-packages/rtabmap_ros/msg/_Point3f.py, /home/jose/cecs_461_ws/devel/lib/python2.7/dist-packages/rtabmap_ros/msg/_Point3f.py)
Linked: (/home/jose/cecs_461_ws/devel/.private/rtabmap_ros/lib/python2.7/dist-packages/rtabmap_ros/msg/_KeyPoint.py, /home/jose/cecs_461_ws/devel/lib/python2.7/dist-packages/rtabmap_ros/msg/_KeyPoint.py)
Linked: (/home/jose/cecs_461_ws/devel/.private/rtabmap_ros/lib/python2.7/dist-packages/rtabmap_ros/srv/_ResetPose.py, /home/jose/cecs_461_ws/devel/lib/python2.7/dist-packages/rtabmap_ros/srv/_ResetPose.py)
Linked: (/home/jose/cecs_461_ws/devel/.private/rtabmap_ros/lib/python2.7/dist-packages/rtabmap_ros/srv/_SetLabel.py, /home/jose/cecs_461_ws/devel/lib/python2.7/dist-packages/rtabmap_ros/srv/_SetLabel.py)
Linked: (/home/jose/cecs_461_ws/devel/.private/rtabmap_ros/lib/python2.7/dist-packages/rtabmap_ros/srv/__init__.py, /home/jose/cecs_461_ws/devel/lib/python2.7/dist-packages/rtabmap_ros/srv/__init__.py)
Linked: (/home/jose/cecs_461_ws/devel/.private/rtabmap_ros/lib/python2.7/dist-packages/rtabmap_ros/srv/_GetPlan.py, /home/jose/cecs_461_ws/devel/lib/python2.7/dist-packages/rtabmap_ros/srv/_GetPlan.py)
Linked: (/home/jose/cecs_461_ws/devel/.private/rtabmap_ros/lib/python2.7/dist-packages/rtabmap_ros/srv/_PublishMap.py, /home/jose/cecs_461_ws/devel/lib/python2.7/dist-packages/rtabmap_ros/srv/_PublishMap.py)
Linked: (/home/jose/cecs_461_ws/devel/.private/rtabmap_ros/lib/python2.7/dist-packages/rtabmap_ros/srv/_SetGoal.py, /home/jose/cecs_461_ws/devel/lib/python2.7/dist-packages/rtabmap_ros/srv/_SetGoal.py)
Linked: (/home/jose/cecs_461_ws/devel/.private/rtabmap_ros/lib/python2.7/dist-packages/rtabmap_ros/srv/_GetMap.py, /home/jose/cecs_461_ws/devel/lib/python2.7/dist-packages/rtabmap_ros/srv/_GetMap.py)
Linked: (/home/jose/cecs_461_ws/devel/.private/rtabmap_ros/lib/python2.7/dist-packages/rtabmap_ros/srv/_ListLabels.py, /home/jose/cecs_461_ws/devel/lib/python2.7/dist-packages/rtabmap_ros/srv/_ListLabels.py)
Linked: (/home/jose/cecs_461_ws/devel/.private/rtabmap_ros/lib/python2.7/dist-packages/rtabmap_ros/cfg/__init__.py, /home/jose/cecs_461_ws/devel/lib/python2.7/dist-packages/rtabmap_ros/cfg/__init__.py)
Linked: (/home/jose/cecs_461_ws/devel/.private/rtabmap_ros/lib/python2.7/dist-packages/rtabmap_ros/cfg/CameraConfig.py, /home/jose/cecs_461_ws/devel/lib/python2.7/dist-packages/rtabmap_ros/cfg/CameraConfig.py)
Linked: (/home/jose/cecs_461_ws/devel/.private/rtabmap_ros/lib/pkgconfig/rtabmap_ros.pc, /home/jose/cecs_461_ws/devel/lib/pkgconfig/rtabmap_ros.pc)
Linked: (/home/jose/cecs_461_ws/devel/.private/rtabmap_ros/lib/rtabmap_ros/rtabmap, /home/jose/cecs_461_ws/devel/lib/rtabmap_ros/rtabmap)
Linked: (/home/jose/cecs_461_ws/devel/.private/rtabmap_ros/lib/rtabmap_ros/camera, /home/jose/cecs_461_ws/devel/lib/rtabmap_ros/camera)
Linked: (/home/jose/cecs_461_ws/devel/.private/rtabmap_ros/lib/rtabmap_ros/imu_to_tf, /home/jose/cecs_461_ws/devel/lib/rtabmap_ros/imu_to_tf)
Linked: (/home/jose/cecs_461_ws/devel/.private/rtabmap_ros/lib/rtabmap_ros/rgbdicp_odometry, /home/jose/cecs_461_ws/devel/lib/rtabmap_ros/rgbdicp_odometry)
Linked: (/home/jose/cecs_461_ws/devel/.private/rtabmap_ros/lib/rtabmap_ros/wifi_signal_pub, /home/jose/cecs_461_ws/devel/lib/rtabmap_ros/wifi_signal_pub)
Linked: (/home/jose/cecs_461_ws/devel/.private/rtabmap_ros/lib/rtabmap_ros/wifi_signal_sub, /home/jose/cecs_461_ws/devel/lib/rtabmap_ros/wifi_signal_sub)
Linked: (/home/jose/cecs_461_ws/devel/.private/rtabmap_ros/lib/rtabmap_ros/rgbd_relay, /home/jose/cecs_461_ws/devel/lib/rtabmap_ros/rgbd_relay)
Linked: (/home/jose/cecs_461_ws/devel/.private/rtabmap_ros/lib/rtabmap_ros/rtabmapviz, /home/jose/cecs_461_ws/devel/lib/rtabmap_ros/rtabmapviz)
Linked: (/home/jose/cecs_461_ws/devel/.private/rtabmap_ros/lib/rtabmap_ros/odom_msg_to_tf, /home/jose/cecs_461_ws/devel/lib/rtabmap_ros/odom_msg_to_tf)
Linked: (/home/jose/cecs_461_ws/devel/.private/rtabmap_ros/lib/rtabmap_ros/stereo_camera, /home/jose/cecs_461_ws/devel/lib/rtabmap_ros/stereo_camera)
Linked: (/home/jose/cecs_461_ws/devel/.private/rtabmap_ros/lib/rtabmap_ros/map_optimizer, /home/jose/cecs_461_ws/devel/lib/rtabmap_ros/map_optimizer)
Linked: (/home/jose/cecs_461_ws/devel/.private/rtabmap_ros/lib/rtabmap_ros/icp_odometry, /home/jose/cecs_461_ws/devel/lib/rtabmap_ros/icp_odometry)
Linked: (/home/jose/cecs_461_ws/devel/.private/rtabmap_ros/lib/rtabmap_ros/pointcloud_to_depthimage, /home/jose/cecs_461_ws/devel/lib/rtabmap_ros/pointcloud_to_depthimage)
Linked: (/home/jose/cecs_461_ws/devel/.private/rtabmap_ros/lib/rtabmap_ros/stereo_odometry, /home/jose/cecs_461_ws/devel/lib/rtabmap_ros/stereo_odometry)
Linked: (/home/jose/cecs_461_ws/devel/.private/rtabmap_ros/lib/rtabmap_ros/rgbd_odometry, /home/jose/cecs_461_ws/devel/lib/rtabmap_ros/rgbd_odometry)
Linked: (/home/jose/cecs_461_ws/devel/.private/rtabmap_ros/lib/rtabmap_ros/data_player, /home/jose/cecs_461_ws/devel/lib/rtabmap_ros/data_player)
Linked: (/home/jose/cecs_461_ws/devel/.private/rtabmap_ros/lib/rtabmap_ros/save_objects_example, /home/jose/cecs_461_ws/devel/lib/rtabmap_ros/save_objects_example)
Linked: (/home/jose/cecs_461_ws/devel/.private/rtabmap_ros/lib/rtabmap_ros/rgbd_sync, /home/jose/cecs_461_ws/devel/lib/rtabmap_ros/rgbd_sync)
Linked: (/home/jose/cecs_461_ws/devel/.private/rtabmap_ros/lib/rtabmap_ros/map_assembler, /home/jose/cecs_461_ws/devel/lib/rtabmap_ros/map_assembler)
