[35m[1mScanning dependencies of target _rtabmap_ros_generate_messages_check_deps_GetPlan[0m
[35m[1mScanning dependencies of target _rtabmap_ros_generate_messages_check_deps_SetLabel[0m
[35m[1mScanning dependencies of target _rtabmap_ros_generate_messages_check_deps_NodeData[0m
[35m[1mScanning dependencies of target _rtabmap_ros_generate_messages_check_deps_Info[0m
[35m[1mScanning dependencies of target _rtabmap_ros_generate_messages_check_deps_Point3f[0m
[35m[1mScanning dependencies of target _rtabmap_ros_generate_messages_check_deps_Point2f[0m
[35m[1mScanning dependencies of target _rtabmap_ros_generate_messages_check_deps_RGBDImage[0m
[35m[1mScanning dependencies of target rtabmap_pointcloud_to_depthimage[0m
[  0%] Built target _rtabmap_ros_generate_messages_check_deps_GetPlan
[  0%] Built target _rtabmap_ros_generate_messages_check_deps_Point2f
[  0%] Built target _rtabmap_ros_generate_messages_check_deps_RGBDImage
[  0%] [32mBuilding CXX object CMakeFiles/rtabmap_pointcloud_to_depthimage.dir/src/PointCloudToDepthImageNode.cpp.o[0m
[  0%] Built target _rtabmap_ros_generate_messages_check_deps_SetLabel
[  0%] Built target _rtabmap_ros_generate_messages_check_deps_NodeData
[  0%] Built target _rtabmap_ros_generate_messages_check_deps_Info
[  0%] Built target _rtabmap_ros_generate_messages_check_deps_Point3f
[35m[1mScanning dependencies of target _rtabmap_ros_generate_messages_check_deps_ListLabels[0m
[35m[1mScanning dependencies of target _rtabmap_ros_generate_messages_check_deps_MapData[0m
[35m[1mScanning dependencies of target _rtabmap_ros_generate_messages_check_deps_Link[0m
[35m[1mScanning dependencies of target _rtabmap_ros_generate_messages_check_deps_ResetPose[0m
[35m[1mScanning dependencies of target _rtabmap_ros_generate_messages_check_deps_SetGoal[0m
[35m[1mScanning dependencies of target _rtabmap_ros_generate_messages_check_deps_PublishMap[0m
[35m[1mScanning dependencies of target _rtabmap_ros_generate_messages_check_deps_OdomInfo[0m
[  0%] Built target _rtabmap_ros_generate_messages_check_deps_Link
[  0%] Built target _rtabmap_ros_generate_messages_check_deps_MapData
[  0%] Built target _rtabmap_ros_generate_messages_check_deps_ListLabels
[  0%] Built target _rtabmap_ros_generate_messages_check_deps_PublishMap
[  0%] Built target _rtabmap_ros_generate_messages_check_deps_ResetPose
[  0%] Built target _rtabmap_ros_generate_messages_check_deps_SetGoal
[35m[1mScanning dependencies of target _rtabmap_ros_generate_messages_check_deps_UserData[0m
[  0%] Built target _rtabmap_ros_generate_messages_check_deps_OdomInfo
[35m[1mScanning dependencies of target sensor_msgs_generate_messages_eus[0m
[35m[1mScanning dependencies of target _rtabmap_ros_generate_messages_check_deps_KeyPoint[0m
[35m[1mScanning dependencies of target _rtabmap_ros_generate_messages_check_deps_GetMap[0m
[35m[1mScanning dependencies of target _rtabmap_ros_generate_messages_check_deps_Path[0m
[  0%] Built target sensor_msgs_generate_messages_eus
[35m[1mScanning dependencies of target _rtabmap_ros_generate_messages_check_deps_GPS[0m
[35m[1mScanning dependencies of target geometry_msgs_generate_messages_eus[0m
[35m[1mScanning dependencies of target std_msgs_generate_messages_eus[0m
[  0%] Built target geometry_msgs_generate_messages_eus
[  0%] Built target std_msgs_generate_messages_eus
[  0%] Built target _rtabmap_ros_generate_messages_check_deps_UserData
[35m[1mScanning dependencies of target _rtabmap_ros_generate_messages_check_deps_Goal[0m
[35m[1mScanning dependencies of target _rtabmap_ros_generate_messages_check_deps_MapGraph[0m
[  0%] Built target _rtabmap_ros_generate_messages_check_deps_KeyPoint
[  0%] Built target _rtabmap_ros_generate_messages_check_deps_Path
[35m[1mScanning dependencies of target rtabmap_ros_gencfg[0m
[  0%] Built target _rtabmap_ros_generate_messages_check_deps_GetMap
[  0%] Built target _rtabmap_ros_generate_messages_check_deps_GPS
[35m[1mScanning dependencies of target sensor_msgs_generate_messages_py[0m
[35m[1mScanning dependencies of target std_msgs_generate_messages_py[0m
[  1%] [34m[1mGenerating dynamic reconfigure files from cfg/Camera.cfg: /home/jose/cecs_461_ws/devel/.private/rtabmap_ros/include/rtabmap_ros/CameraConfig.h /home/jose/cecs_461_ws/devel/.private/rtabmap_ros/lib/python2.7/dist-packages/rtabmap_ros/cfg/CameraConfig.py[0m
[35m[1mScanning dependencies of target std_msgs_generate_messages_lisp[0m
[35m[1mScanning dependencies of target geometry_msgs_generate_messages_py[0m
[  1%] Built target std_msgs_generate_messages_py
[  1%] Built target sensor_msgs_generate_messages_py
[  1%] Built target std_msgs_generate_messages_lisp
[  1%] Built target geometry_msgs_generate_messages_py
[35m[1mScanning dependencies of target geometry_msgs_generate_messages_lisp[0m
[35m[1mScanning dependencies of target sensor_msgs_generate_messages_lisp[0m
[  1%] Built target _rtabmap_ros_generate_messages_check_deps_Goal
[35m[1mScanning dependencies of target sensor_msgs_generate_messages_cpp[0m
[  1%] Built target _rtabmap_ros_generate_messages_check_deps_MapGraph
[35m[1mScanning dependencies of target std_msgs_generate_messages_cpp[0m
[  1%] Built target sensor_msgs_generate_messages_lisp
[  1%] Built target geometry_msgs_generate_messages_lisp
[  1%] Built target sensor_msgs_generate_messages_cpp
[35m[1mScanning dependencies of target geometry_msgs_generate_messages_cpp[0m
[35m[1mScanning dependencies of target std_msgs_generate_messages_nodejs[0m
[  1%] Built target std_msgs_generate_messages_cpp
[35m[1mScanning dependencies of target geometry_msgs_generate_messages_nodejs[0m
[  1%] Built target geometry_msgs_generate_messages_cpp
[35m[1mScanning dependencies of target sensor_msgs_generate_messages_nodejs[0m
[  1%] Built target std_msgs_generate_messages_nodejs
[35m[1mScanning dependencies of target rtabmap_imu_to_tf[0m
Generating reconfiguration files for Camera in rtabmap_ros
[  1%] Built target sensor_msgs_generate_messages_nodejs
[  1%] Built target geometry_msgs_generate_messages_nodejs
[35m[1mScanning dependencies of target rtabmap_rgbd_sync[0m
Wrote header file in /home/jose/cecs_461_ws/devel/.private/rtabmap_ros/include/rtabmap_ros/CameraConfig.h
[35m[1mScanning dependencies of target rtabmap_rgbd_odometry[0m
[35m[1mScanning dependencies of target rtabmap[0m
[35m[1mScanning dependencies of target rtabmap_stereo_odometry[0m
[35m[1mScanning dependencies of target rtabmap_rgbdicp_odometry[0m
[  1%] [32mBuilding CXX object CMakeFiles/rtabmap_imu_to_tf.dir/src/ImuToTFNode.cpp.o[0m
[  2%] [32mBuilding CXX object CMakeFiles/rtabmap_rgbd_sync.dir/src/RGBDSyncNode.cpp.o[0m
[  2%] [32mBuilding CXX object CMakeFiles/rtabmap_rgbd_odometry.dir/src/RGBDOdometryNode.cpp.o[0m
[  2%] [32mBuilding CXX object CMakeFiles/rtabmap.dir/src/CoreNode.cpp.o[0m
[  2%] Built target rtabmap_ros_gencfg
[  3%] [32mBuilding CXX object CMakeFiles/rtabmap_stereo_odometry.dir/src/StereoOdometryNode.cpp.o[0m
[  4%] [32mBuilding CXX object CMakeFiles/rtabmap_rgbdicp_odometry.dir/src/RGBDICPOdometryNode.cpp.o[0m
[35m[1mScanning dependencies of target rtabmap_icp_odometry[0m
[  4%] [32mBuilding CXX object CMakeFiles/rtabmap_icp_odometry.dir/src/ICPOdometryNode.cpp.o[0m
[  5%] [32m[1mLinking CXX executable /home/jose/cecs_461_ws/devel/.private/rtabmap_ros/lib/rtabmap_ros/pointcloud_to_depthimage[0m
[  5%] [32m[1mLinking CXX executable /home/jose/cecs_461_ws/devel/.private/rtabmap_ros/lib/rtabmap_ros/rgbd_sync[0m
[  6%] [32m[1mLinking CXX executable /home/jose/cecs_461_ws/devel/.private/rtabmap_ros/lib/rtabmap_ros/imu_to_tf[0m
[  6%] [32m[1mLinking CXX executable /home/jose/cecs_461_ws/devel/.private/rtabmap_ros/lib/rtabmap_ros/rgbd_odometry[0m
[  6%] [32m[1mLinking CXX executable /home/jose/cecs_461_ws/devel/.private/rtabmap_ros/lib/rtabmap_ros/stereo_odometry[0m
[  6%] [32m[1mLinking CXX executable /home/jose/cecs_461_ws/devel/.private/rtabmap_ros/lib/rtabmap_ros/rgbdicp_odometry[0m
[  7%] [32m[1mLinking CXX executable /home/jose/cecs_461_ws/devel/.private/rtabmap_ros/lib/rtabmap_ros/icp_odometry[0m
[  8%] [32m[1mLinking CXX executable /home/jose/cecs_461_ws/devel/.private/rtabmap_ros/lib/rtabmap_ros/rtabmap[0m
[  8%] Built target rtabmap_pointcloud_to_depthimage
[35m[1mScanning dependencies of target rtabmap_rgbd_relay[0m
[  9%] [32mBuilding CXX object CMakeFiles/rtabmap_rgbd_relay.dir/src/RGBDRelayNode.cpp.o[0m
[  9%] Built target rtabmap_imu_to_tf
[35m[1mScanning dependencies of target rtabmap_ros_generate_messages_eus[0m
[  9%] [34m[1mGenerating EusLisp code from rtabmap_ros/Goal.msg[0m
[  9%] Built target rtabmap_rgbd_sync
[35m[1mScanning dependencies of target rtabmap_ros_generate_messages_py[0m
[ 10%] [34m[1mGenerating Python from MSG rtabmap_ros/Goal[0m
[ 11%] [34m[1mGenerating EusLisp code from rtabmap_ros/OdomInfo.msg[0m
[ 11%] [34m[1mGenerating EusLisp code from rtabmap_ros/MapGraph.msg[0m
[ 11%] [34m[1mGenerating Python from MSG rtabmap_ros/OdomInfo[0m
[ 12%] [34m[1mGenerating EusLisp code from rtabmap_ros/Path.msg[0m
[ 13%] [34m[1mGenerating Python from MSG rtabmap_ros/MapGraph[0m
[ 13%] [34m[1mGenerating EusLisp code from rtabmap_ros/Info.msg[0m
[ 14%] [34m[1mGenerating EusLisp code from rtabmap_ros/MapData.msg[0m
[ 14%] [34m[1mGenerating Python from MSG rtabmap_ros/Path[0m
[ 14%] [34m[1mGenerating EusLisp code from rtabmap_ros/NodeData.msg[0m
[ 15%] [34m[1mGenerating EusLisp code from rtabmap_ros/GPS.msg[0m
[ 16%] [34m[1mGenerating Python from MSG rtabmap_ros/Info[0m
[ 16%] [34m[1mGenerating EusLisp code from rtabmap_ros/Point3f.msg[0m
[ 16%] [34m[1mGenerating Python from MSG rtabmap_ros/MapData[0m
[ 16%] [34m[1mGenerating EusLisp code from rtabmap_ros/Point2f.msg[0m
[ 17%] [34m[1mGenerating EusLisp code from rtabmap_ros/RGBDImage.msg[0m
[ 18%] [34m[1mGenerating Python from MSG rtabmap_ros/NodeData[0m
[ 18%] [34m[1mGenerating EusLisp code from rtabmap_ros/KeyPoint.msg[0m
[ 20%] [34m[1mGenerating EusLisp code from rtabmap_ros/Link.msg[0m
[ 20%] [34m[1mGenerating Python from MSG rtabmap_ros/GPS[0m
[ 20%] [34m[1mGenerating EusLisp code from rtabmap_ros/UserData.msg[0m
[ 21%] [34m[1mGenerating EusLisp code from rtabmap_ros/SetGoal.srv[0m
[ 21%] [34m[1mGenerating Python from MSG rtabmap_ros/Point3f[0m
[ 21%] [34m[1mGenerating EusLisp code from rtabmap_ros/ResetPose.srv[0m
[ 22%] [34m[1mGenerating Python from MSG rtabmap_ros/Point2f[0m
[ 23%] [34m[1mGenerating EusLisp code from rtabmap_ros/GetMap.srv[0m
[ 23%] [34m[1mGenerating EusLisp code from rtabmap_ros/ListLabels.srv[0m
[ 23%] [34m[1mGenerating Python from MSG rtabmap_ros/RGBDImage[0m
[ 24%] [34m[1mGenerating EusLisp code from rtabmap_ros/PublishMap.srv[0m
[ 24%] [34m[1mGenerating EusLisp code from rtabmap_ros/GetPlan.srv[0m
[ 25%] [34m[1mGenerating Python from MSG rtabmap_ros/KeyPoint[0m
[ 26%] [34m[1mGenerating EusLisp code from rtabmap_ros/SetLabel.srv[0m
[ 26%] [34m[1mGenerating EusLisp manifest code for rtabmap_ros[0m
[ 26%] [34m[1mGenerating Python from MSG rtabmap_ros/Link[0m
[ 27%] [34m[1mGenerating Python from MSG rtabmap_ros/UserData[0m
[ 27%] [32m[1mLinking CXX executable /home/jose/cecs_461_ws/devel/.private/rtabmap_ros/lib/rtabmap_ros/rgbd_relay[0m
[ 27%] [34m[1mGenerating Python code from SRV rtabmap_ros/SetGoal[0m
[ 28%] [34m[1mGenerating Python code from SRV rtabmap_ros/ResetPose[0m
[ 28%] [34m[1mGenerating Python code from SRV rtabmap_ros/GetMap[0m
[ 29%] [34m[1mGenerating Python code from SRV rtabmap_ros/ListLabels[0m
[ 29%] [34m[1mGenerating Python code from SRV rtabmap_ros/PublishMap[0m
[ 30%] [34m[1mGenerating Python code from SRV rtabmap_ros/GetPlan[0m
[ 30%] Built target rtabmap_ros_generate_messages_eus
[35m[1mScanning dependencies of target rtabmap_ros_generate_messages_lisp[0m
[ 31%] [34m[1mGenerating Lisp code from rtabmap_ros/Goal.msg[0m
[ 31%] [34m[1mGenerating Python code from SRV rtabmap_ros/SetLabel[0m
[ 31%] [34m[1mGenerating Lisp code from rtabmap_ros/OdomInfo.msg[0m
[ 32%] [34m[1mGenerating Lisp code from rtabmap_ros/MapGraph.msg[0m
[ 33%] [34m[1mGenerating Python msg __init__.py for rtabmap_ros[0m
[ 33%] [34m[1mGenerating Lisp code from rtabmap_ros/Path.msg[0m
[ 34%] [34m[1mGenerating Lisp code from rtabmap_ros/Info.msg[0m
[ 34%] [34m[1mGenerating Python srv __init__.py for rtabmap_ros[0m
[ 34%] [34m[1mGenerating Lisp code from rtabmap_ros/MapData.msg[0m
[ 35%] [34m[1mGenerating Lisp code from rtabmap_ros/NodeData.msg[0m
[ 35%] Built target rtabmap_ros_generate_messages_py
[ 35%] [34m[1mGenerating Lisp code from rtabmap_ros/GPS.msg[0m
[35m[1mScanning dependencies of target rtabmap_ros_generate_messages_cpp[0m
[ 35%] [34m[1mGenerating C++ code from rtabmap_ros/Goal.msg[0m
[ 35%] [34m[1mGenerating Lisp code from rtabmap_ros/Point3f.msg[0m
[ 36%] [34m[1mGenerating Lisp code from rtabmap_ros/Point2f.msg[0m
[ 37%] [34m[1mGenerating C++ code from rtabmap_ros/OdomInfo.msg[0m
[ 37%] [34m[1mGenerating Lisp code from rtabmap_ros/RGBDImage.msg[0m
[ 38%] [34m[1mGenerating Lisp code from rtabmap_ros/KeyPoint.msg[0m
[ 38%] [34m[1mGenerating Lisp code from rtabmap_ros/Link.msg[0m
[ 38%] [34m[1mGenerating C++ code from rtabmap_ros/MapGraph.msg[0m
[ 40%] [34m[1mGenerating Lisp code from rtabmap_ros/UserData.msg[0m
[ 40%] [34m[1mGenerating Lisp code from rtabmap_ros/SetGoal.srv[0m
[ 41%] [34m[1mGenerating Lisp code from rtabmap_ros/ResetPose.srv[0m
[ 41%] [34m[1mGenerating Lisp code from rtabmap_ros/GetMap.srv[0m
[ 42%] [34m[1mGenerating C++ code from rtabmap_ros/Path.msg[0m
[ 43%] [34m[1mGenerating Lisp code from rtabmap_ros/ListLabels.srv[0m
[ 43%] [34m[1mGenerating Lisp code from rtabmap_ros/PublishMap.srv[0m
[ 44%] [34m[1mGenerating Lisp code from rtabmap_ros/GetPlan.srv[0m
[ 44%] [34m[1mGenerating C++ code from rtabmap_ros/Info.msg[0m
[ 44%] [34m[1mGenerating Lisp code from rtabmap_ros/SetLabel.srv[0m
[ 44%] Built target rtabmap_ros_generate_messages_lisp
[35m[1mScanning dependencies of target rtabmap_ros_generate_messages_nodejs[0m
[ 45%] [34m[1mGenerating Javascript code from rtabmap_ros/Goal.msg[0m
[ 45%] [34m[1mGenerating Javascript code from rtabmap_ros/OdomInfo.msg[0m
[ 46%] [34m[1mGenerating C++ code from rtabmap_ros/MapData.msg[0m
[ 47%] [34m[1mGenerating Javascript code from rtabmap_ros/MapGraph.msg[0m
[ 47%] [34m[1mGenerating Javascript code from rtabmap_ros/Path.msg[0m
[ 47%] [34m[1mGenerating C++ code from rtabmap_ros/NodeData.msg[0m
[ 47%] Built target rtabmap_rgbdicp_odometry
[ 48%] [34m[1mGenerating C++ code from rtabmap_ros/GPS.msg[0m
[ 49%] [34m[1mGenerating Javascript code from rtabmap_ros/Info.msg[0m
[ 49%] [34m[1mGenerating Javascript code from rtabmap_ros/MapData.msg[0m
[ 49%] [34m[1mGenerating C++ code from rtabmap_ros/Point3f.msg[0m
[ 50%] [34m[1mGenerating Javascript code from rtabmap_ros/NodeData.msg[0m
[ 50%] Built target rtabmap_icp_odometry
[ 50%] [34m[1mGenerating Javascript code from rtabmap_ros/GPS.msg[0m
[ 50%] [34m[1mGenerating C++ code from rtabmap_ros/Point2f.msg[0m
[ 50%] [34m[1mGenerating Javascript code from rtabmap_ros/Point3f.msg[0m
[ 51%] [34m[1mGenerating Javascript code from rtabmap_ros/Point2f.msg[0m
[ 52%] [34m[1mGenerating C++ code from rtabmap_ros/RGBDImage.msg[0m
[ 52%] [34m[1mGenerating Javascript code from rtabmap_ros/RGBDImage.msg[0m
[ 52%] Built target rtabmap_rgbd_relay
[ 53%] [34m[1mGenerating Javascript code from rtabmap_ros/KeyPoint.msg[0m
[ 53%] [34m[1mGenerating C++ code from rtabmap_ros/KeyPoint.msg[0m
[ 53%] [34m[1mGenerating Javascript code from rtabmap_ros/Link.msg[0m
[ 54%] [34m[1mGenerating C++ code from rtabmap_ros/Link.msg[0m
[ 55%] [34m[1mGenerating Javascript code from rtabmap_ros/UserData.msg[0m
[ 55%] Built target rtabmap_stereo_odometry
[ 55%] [34m[1mGenerating Javascript code from rtabmap_ros/SetGoal.srv[0m
[ 55%] [34m[1mGenerating C++ code from rtabmap_ros/UserData.msg[0m
[ 56%] [34m[1mGenerating C++ code from rtabmap_ros/SetGoal.srv[0m
[ 57%] [34m[1mGenerating Javascript code from rtabmap_ros/ResetPose.srv[0m
[ 57%] Built target rtabmap_rgbd_odometry
[ 57%] [34m[1mGenerating C++ code from rtabmap_ros/ResetPose.srv[0m
[ 57%] [34m[1mGenerating Javascript code from rtabmap_ros/GetMap.srv[0m
[ 58%] [34m[1mGenerating C++ code from rtabmap_ros/GetMap.srv[0m
[ 58%] [34m[1mGenerating C++ code from rtabmap_ros/ListLabels.srv[0m
[ 60%] [34m[1mGenerating Javascript code from rtabmap_ros/ListLabels.srv[0m
[ 60%] [34m[1mGenerating C++ code from rtabmap_ros/GetPlan.srv[0m
[ 61%] [34m[1mGenerating C++ code from rtabmap_ros/PublishMap.srv[0m
[ 61%] [34m[1mGenerating Javascript code from rtabmap_ros/PublishMap.srv[0m
[ 61%] Built target rtabmap
[ 62%] [34m[1mGenerating Javascript code from rtabmap_ros/GetPlan.srv[0m
[ 63%] [34m[1mGenerating C++ code from rtabmap_ros/SetLabel.srv[0m
[ 63%] [34m[1mGenerating Javascript code from rtabmap_ros/SetLabel.srv[0m
[ 63%] Built target rtabmap_ros_generate_messages_nodejs
[ 63%] Built target rtabmap_ros_generate_messages_cpp
[35m[1mScanning dependencies of target rtabmap_ros_generate_messages[0m
[35m[1mScanning dependencies of target rtabmap_ros[0m
[35m[1mScanning dependencies of target rtabmap_camera[0m
[ 63%] Built target rtabmap_ros_generate_messages
[ 63%] [32mBuilding CXX object CMakeFiles/rtabmap_camera.dir/src/CameraNode.cpp.o[0m
[ 63%] [32mBuilding CXX object CMakeFiles/rtabmap_ros.dir/src/MapsManager.cpp.o[0m
[ 64%] [32mBuilding CXX object CMakeFiles/rtabmap_ros.dir/src/OdometryROS.cpp.o[0m
[ 65%] [32mBuilding CXX object CMakeFiles/rtabmap_ros.dir/src/MsgConversion.cpp.o[0m
[ 66%] [32m[1mLinking CXX executable /home/jose/cecs_461_ws/devel/.private/rtabmap_ros/lib/rtabmap_ros/camera[0m
[ 66%] Built target rtabmap_camera
[ 66%] [32m[1mLinking CXX shared library /home/jose/cecs_461_ws/devel/.private/rtabmap_ros/lib/librtabmap_ros.so[0m
[ 66%] Built target rtabmap_ros
[35m[1mScanning dependencies of target rtabmap_data_player[0m
[35m[1mScanning dependencies of target rtabmap_map_optimizer[0m
[35m[1mScanning dependencies of target rtabmap_wifi_signal_sub[0m
[35m[1mScanning dependencies of target rtabmap_wifi_signal_pub[0m
[35m[1mScanning dependencies of target rtabmap_stereo_camera[0m
[35m[1mScanning dependencies of target rtabmap_odom_msg_to_tf[0m
[ 66%] [34m[1mGenerating src/rviz/moc_OrbitOrientedViewController.cpp[0m
[35m[1mScanning dependencies of target rtabmap_save_objects_example[0m
[ 67%] [32mBuilding CXX object CMakeFiles/rtabmap_stereo_camera.dir/src/StereoCameraNode.cpp.o[0m
[ 67%] [32mBuilding CXX object CMakeFiles/rtabmap_wifi_signal_pub.dir/src/WifiSignalPubNode.cpp.o[0m
[ 67%] [32mBuilding CXX object CMakeFiles/rtabmap_wifi_signal_sub.dir/src/WifiSignalSubNode.cpp.o[0m
[ 68%] [32mBuilding CXX object CMakeFiles/rtabmap_odom_msg_to_tf.dir/src/OdomMsgToTFNode.cpp.o[0m
[ 69%] [32mBuilding CXX object CMakeFiles/rtabmap_map_optimizer.dir/src/MapOptimizerNode.cpp.o[0m
[ 70%] [32mBuilding CXX object CMakeFiles/rtabmap_save_objects_example.dir/src/SaveObjectsExample.cpp.o[0m
[ 70%] [32mBuilding CXX object CMakeFiles/rtabmap_data_player.dir/src/DbPlayerNode.cpp.o[0m
[ 71%] [34m[1mGenerating src/rviz/moc_MapCloudDisplay.cpp[0m
[ 71%] [34m[1mGenerating src/rviz/moc_MapGraphDisplay.cpp[0m
[ 72%] [34m[1mGenerating src/rviz/moc_InfoDisplay.cpp[0m
[35m[1mScanning dependencies of target rtabmap_plugins[0m
[ 73%] [32mBuilding CXX object CMakeFiles/rtabmap_plugins.dir/src/costmap_2d/static_layer.cpp.o[0m
[ 74%] [32m[1mLinking CXX executable /home/jose/cecs_461_ws/devel/.private/rtabmap_ros/lib/rtabmap_ros/wifi_signal_pub[0m
[ 74%] [32m[1mLinking CXX executable /home/jose/cecs_461_ws/devel/.private/rtabmap_ros/lib/rtabmap_ros/odom_msg_to_tf[0m
[ 74%] [32m[1mLinking CXX executable /home/jose/cecs_461_ws/devel/.private/rtabmap_ros/lib/rtabmap_ros/stereo_camera[0m
[ 74%] [32m[1mLinking CXX executable /home/jose/cecs_461_ws/devel/.private/rtabmap_ros/lib/rtabmap_ros/save_objects_example[0m
[ 74%] [32mBuilding CXX object CMakeFiles/rtabmap_plugins.dir/src/nodelets/rgbd_odometry.cpp.o[0m
[ 75%] [32m[1mLinking CXX executable /home/jose/cecs_461_ws/devel/.private/rtabmap_ros/lib/rtabmap_ros/wifi_signal_sub[0m
[ 75%] [32m[1mLinking CXX executable /home/jose/cecs_461_ws/devel/.private/rtabmap_ros/lib/rtabmap_ros/map_optimizer[0m
[ 76%] [32m[1mLinking CXX executable /home/jose/cecs_461_ws/devel/.private/rtabmap_ros/lib/rtabmap_ros/data_player[0m
[ 76%] Built target rtabmap_wifi_signal_pub
[35m[1mScanning dependencies of target rtabmap_sync[0m
[ 76%] [32mBuilding CXX object CMakeFiles/rtabmap_sync.dir/src/CommonDataSubscriber.cpp.o[0m
[ 76%] Built target rtabmap_odom_msg_to_tf
[35m[1mScanning dependencies of target rtabmap_map_assembler[0m
[ 76%] [32mBuilding CXX object CMakeFiles/rtabmap_map_assembler.dir/src/MapAssemblerNode.cpp.o[0m
[ 76%] Built target rtabmap_stereo_camera
[ 77%] [32mBuilding CXX object CMakeFiles/rtabmap_plugins.dir/src/nodelets/stereo_odometry.cpp.o[0m
[ 77%] Built target rtabmap_wifi_signal_sub
[ 77%] [32mBuilding CXX object CMakeFiles/rtabmap_plugins.dir/src/nodelets/rgbdicp_odometry.cpp.o[0m
[ 77%] Built target rtabmap_data_player
[ 78%] [32mBuilding CXX object CMakeFiles/rtabmap_plugins.dir/src/nodelets/icp_odometry.cpp.o[0m
[ 78%] Built target rtabmap_map_optimizer
[ 78%] [32mBuilding CXX object CMakeFiles/rtabmap_plugins.dir/src/nodelets/data_throttle.cpp.o[0m
[ 78%] Built target rtabmap_save_objects_example
[ 80%] [32mBuilding CXX object CMakeFiles/rtabmap_plugins.dir/src/nodelets/stereo_throttle.cpp.o[0m
[ 80%] [32mBuilding CXX object CMakeFiles/rtabmap_plugins.dir/src/nodelets/data_odom_sync.cpp.o[0m
[ 81%] [32mBuilding CXX object CMakeFiles/rtabmap_plugins.dir/src/nodelets/point_cloud_xyzrgb.cpp.o[0m
[ 81%] [32mBuilding CXX object CMakeFiles/rtabmap_plugins.dir/src/nodelets/point_cloud_xyz.cpp.o[0m
[ 81%] [32m[1mLinking CXX executable /home/jose/cecs_461_ws/devel/.private/rtabmap_ros/lib/rtabmap_ros/map_assembler[0m
[ 82%] [32mBuilding CXX object CMakeFiles/rtabmap_plugins.dir/src/nodelets/disparity_to_depth.cpp.o[0m
[ 82%] [32mBuilding CXX object CMakeFiles/rtabmap_plugins.dir/src/nodelets/pointcloud_to_depthimage.cpp.o[0m
[ 82%] [32mBuilding CXX object CMakeFiles/rtabmap_plugins.dir/src/nodelets/obstacles_detection.cpp.o[0m
[ 83%] [32mBuilding CXX object CMakeFiles/rtabmap_plugins.dir/src/nodelets/obstacles_detection_old.cpp.o[0m
[ 83%] [32mBuilding CXX object CMakeFiles/rtabmap_plugins.dir/src/nodelets/point_cloud_aggregator.cpp.o[0m
[ 84%] [32mBuilding CXX object CMakeFiles/rtabmap_sync.dir/src/impl/CommonDataSubscriberDepth.cpp.o[0m
[ 84%] Built target rtabmap_map_assembler
[ 84%] [32mBuilding CXX object CMakeFiles/rtabmap_sync.dir/src/impl/CommonDataSubscriberStereo.cpp.o[0m
[ 85%] [32mBuilding CXX object CMakeFiles/rtabmap_plugins.dir/src/nodelets/point_cloud_assembler.cpp.o[0m
[ 85%] [32mBuilding CXX object CMakeFiles/rtabmap_plugins.dir/src/nodelets/undistort_depth.cpp.o[0m
[ 86%] [32mBuilding CXX object CMakeFiles/rtabmap_plugins.dir/src/nodelets/imu_to_tf.cpp.o[0m
[ 86%] [32mBuilding CXX object CMakeFiles/rtabmap_plugins.dir/src/nodelets/rgbd_sync.cpp.o[0m
[ 87%] [32mBuilding CXX object CMakeFiles/rtabmap_sync.dir/src/impl/CommonDataSubscriberRGB.cpp.o[0m
[ 88%] [32mBuilding CXX object CMakeFiles/rtabmap_plugins.dir/src/nodelets/stereo_sync.cpp.o[0m
[ 88%] [32mBuilding CXX object CMakeFiles/rtabmap_plugins.dir/src/nodelets/rgbd_relay.cpp.o[0m
[ 88%] [32mBuilding CXX object CMakeFiles/rtabmap_sync.dir/src/impl/CommonDataSubscriberRGBD.cpp.o[0m
[ 89%] [32mBuilding CXX object CMakeFiles/rtabmap_sync.dir/src/impl/CommonDataSubscriberRGBD2.cpp.o[0m
[ 89%] [32mBuilding CXX object CMakeFiles/rtabmap_sync.dir/src/impl/CommonDataSubscriberRGBD3.cpp.o[0m
[ 90%] [32mBuilding CXX object CMakeFiles/rtabmap_plugins.dir/src/rviz/MapCloudDisplay.cpp.o[0m
[ 90%] [32mBuilding CXX object CMakeFiles/rtabmap_plugins.dir/src/rviz/MapGraphDisplay.cpp.o[0m
[ 91%] [32mBuilding CXX object CMakeFiles/rtabmap_plugins.dir/src/rviz/InfoDisplay.cpp.o[0m
[ 91%] [32mBuilding CXX object CMakeFiles/rtabmap_plugins.dir/src/rviz/OrbitOrientedViewController.cpp.o[0m
[ 92%] [32mBuilding CXX object CMakeFiles/rtabmap_plugins.dir/src/rviz/moc_MapCloudDisplay.cpp.o[0m
[ 92%] [32mBuilding CXX object CMakeFiles/rtabmap_plugins.dir/src/rviz/moc_MapGraphDisplay.cpp.o[0m
[ 93%] [32mBuilding CXX object CMakeFiles/rtabmap_plugins.dir/src/rviz/moc_InfoDisplay.cpp.o[0m
[ 93%] [32mBuilding CXX object CMakeFiles/rtabmap_plugins.dir/src/rviz/moc_OrbitOrientedViewController.cpp.o[0m
[ 94%] [32mBuilding CXX object CMakeFiles/rtabmap_sync.dir/src/impl/CommonDataSubscriberRGBD4.cpp.o[0m
[ 94%] [32mBuilding CXX object CMakeFiles/rtabmap_sync.dir/src/impl/CommonDataSubscriberScan.cpp.o[0m
[ 95%] [32m[1mLinking CXX shared library /home/jose/cecs_461_ws/devel/.private/rtabmap_ros/lib/librtabmap_plugins.so[0m
[ 96%] [32mBuilding CXX object CMakeFiles/rtabmap_sync.dir/src/impl/CommonDataSubscriberOdom.cpp.o[0m
[ 96%] [32mBuilding CXX object CMakeFiles/rtabmap_sync.dir/src/CoreWrapper.cpp.o[0m
[ 96%] Built target rtabmap_plugins
[ 97%] [32m[1mLinking CXX shared library /home/jose/cecs_461_ws/devel/.private/rtabmap_ros/lib/librtabmap_sync.so[0m
[ 97%] Built target rtabmap_sync
[35m[1mScanning dependencies of target rtabmapviz[0m
[ 97%] [32mBuilding CXX object CMakeFiles/rtabmapviz.dir/src/GuiNode.cpp.o[0m
[ 98%] [32mBuilding CXX object CMakeFiles/rtabmapviz.dir/src/GuiWrapper.cpp.o[0m
[ 98%] [32mBuilding CXX object CMakeFiles/rtabmapviz.dir/src/PreferencesDialogROS.cpp.o[0m
[100%] [32m[1mLinking CXX executable /home/jose/cecs_461_ws/devel/.private/rtabmap_ros/lib/rtabmap_ros/rtabmapviz[0m
[100%] Built target rtabmapviz
