[  1%] Built target rtabmap_pointcloud_to_depthimage
[  1%] Built target _rtabmap_ros_generate_messages_check_deps_NodeData
[  1%] Built target _rtabmap_ros_generate_messages_check_deps_SetLabel
[  1%] Built target _rtabmap_ros_generate_messages_check_deps_Info
[  1%] Built target _rtabmap_ros_generate_messages_check_deps_GetPlan
[  1%] Built target _rtabmap_ros_generate_messages_check_deps_RGBDImage
[  1%] Built target _rtabmap_ros_generate_messages_check_deps_Point2f
[  1%] Built target _rtabmap_ros_generate_messages_check_deps_Point3f
[  1%] Built target _rtabmap_ros_generate_messages_check_deps_ListLabels
[  1%] Built target _rtabmap_ros_generate_messages_check_deps_MapData
[  1%] Built target _rtabmap_ros_generate_messages_check_deps_ResetPose
[  1%] Built target _rtabmap_ros_generate_messages_check_deps_PublishMap
[  1%] Built target _rtabmap_ros_generate_messages_check_deps_Link
[  1%] Built target _rtabmap_ros_generate_messages_check_deps_SetGoal
[  1%] Built target sensor_msgs_generate_messages_eus
[  1%] Built target _rtabmap_ros_generate_messages_check_deps_OdomInfo
[  1%] Built target _rtabmap_ros_generate_messages_check_deps_UserData
[  1%] Built target _rtabmap_ros_generate_messages_check_deps_KeyPoint
[  1%] Built target _rtabmap_ros_generate_messages_check_deps_GetMap
[  1%] Built target geometry_msgs_generate_messages_eus
[  1%] Built target _rtabmap_ros_generate_messages_check_deps_Path
[  1%] Built target std_msgs_generate_messages_eus
[  1%] Built target _rtabmap_ros_generate_messages_check_deps_GPS
[  2%] Built target rtabmap_ros_gencfg
[  2%] Built target _rtabmap_ros_generate_messages_check_deps_Goal
[  2%] Built target _rtabmap_ros_generate_messages_check_deps_MapGraph
[  2%] Built target std_msgs_generate_messages_py
[  2%] Built target sensor_msgs_generate_messages_py
[  2%] Built target geometry_msgs_generate_messages_py
[  2%] Built target std_msgs_generate_messages_lisp
[  2%] Built target geometry_msgs_generate_messages_lisp
[  2%] Built target sensor_msgs_generate_messages_lisp
[  2%] Built target sensor_msgs_generate_messages_cpp
[  2%] Built target std_msgs_generate_messages_cpp
[  2%] Built target geometry_msgs_generate_messages_cpp
[  2%] Built target std_msgs_generate_messages_nodejs
[  2%] Built target sensor_msgs_generate_messages_nodejs
[  2%] Built target geometry_msgs_generate_messages_nodejs
[  3%] Built target rtabmap_imu_to_tf
[  4%] Built target rtabmap_rgbd_sync
[  4%] Built target rtabmap_rgbd_odometry
[  5%] Built target rtabmap
[  6%] Built target rtabmap_stereo_odometry
[  7%] Built target rtabmap_rgbdicp_odometry
[  8%] Built target rtabmap_icp_odometry
[  9%] Built target rtabmap_rgbd_relay
[ 20%] Built target rtabmap_ros_generate_messages_eus
[ 31%] Built target rtabmap_ros_generate_messages_py
[ 42%] Built target rtabmap_ros_generate_messages_lisp
[ 52%] Built target rtabmap_ros_generate_messages_cpp
[ 63%] Built target rtabmap_ros_generate_messages_nodejs
[ 63%] Built target rtabmap_ros_generate_messages
[ 64%] Built target rtabmap_camera
[ 66%] Built target rtabmap_ros
[ 67%] Built target rtabmap_data_player
[ 68%] Built target rtabmap_save_objects_example
[ 69%] Built target rtabmap_map_optimizer
[ 70%] Built target rtabmap_odom_msg_to_tf
[ 71%] Built target rtabmap_wifi_signal_sub
[ 72%] Built target rtabmap_wifi_signal_pub
[ 73%] Built target rtabmap_stereo_camera
[ 73%] Built target rtabmap_map_assembler
[ 80%] Built target rtabmap_sync
[ 82%] Built target rtabmapviz
[100%] Built target rtabmap_plugins
