Symlinking /home/jose/cecs_461_ws/devel/share/gennodejs/ros/rtabmap_ros/_index.js
Symlinking /home/jose/cecs_461_ws/devel/share/gennodejs/ros/rtabmap_ros/msg/RGBDImage.js
Symlinking /home/jose/cecs_461_ws/devel/share/gennodejs/ros/rtabmap_ros/msg/Path.js
Symlinking /home/jose/cecs_461_ws/devel/share/gennodejs/ros/rtabmap_ros/msg/Goal.js
Symlinking /home/jose/cecs_461_ws/devel/share/gennodejs/ros/rtabmap_ros/msg/Info.js
Symlinking /home/jose/cecs_461_ws/devel/share/gennodejs/ros/rtabmap_ros/msg/UserData.js
Symlinking /home/jose/cecs_461_ws/devel/share/gennodejs/ros/rtabmap_ros/msg/Link.js
Symlinking /home/jose/cecs_461_ws/devel/share/gennodejs/ros/rtabmap_ros/msg/NodeData.js
Symlinking /home/jose/cecs_461_ws/devel/share/gennodejs/ros/rtabmap_ros/msg/KeyPoint.js
Symlinking /home/jose/cecs_461_ws/devel/share/gennodejs/ros/rtabmap_ros/msg/MapData.js
Symlinking /home/jose/cecs_461_ws/devel/share/gennodejs/ros/rtabmap_ros/msg/MapGraph.js
Symlinking /home/jose/cecs_461_ws/devel/share/gennodejs/ros/rtabmap_ros/msg/OdomInfo.js
Symlinking /home/jose/cecs_461_ws/devel/share/gennodejs/ros/rtabmap_ros/msg/Point2f.js
Symlinking /home/jose/cecs_461_ws/devel/share/gennodejs/ros/rtabmap_ros/msg/Point3f.js
Symlinking /home/jose/cecs_461_ws/devel/share/gennodejs/ros/rtabmap_ros/msg/GPS.js
Symlinking /home/jose/cecs_461_ws/devel/share/gennodejs/ros/rtabmap_ros/msg/_index.js
Symlinking /home/jose/cecs_461_ws/devel/share/gennodejs/ros/rtabmap_ros/srv/GetPlan.js
Symlinking /home/jose/cecs_461_ws/devel/share/gennodejs/ros/rtabmap_ros/srv/SetLabel.js
Symlinking /home/jose/cecs_461_ws/devel/share/gennodejs/ros/rtabmap_ros/srv/PublishMap.js
Symlinking /home/jose/cecs_461_ws/devel/share/gennodejs/ros/rtabmap_ros/srv/GetMap.js
Symlinking /home/jose/cecs_461_ws/devel/share/gennodejs/ros/rtabmap_ros/srv/SetGoal.js
Symlinking /home/jose/cecs_461_ws/devel/share/gennodejs/ros/rtabmap_ros/srv/ResetPose.js
Symlinking /home/jose/cecs_461_ws/devel/share/gennodejs/ros/rtabmap_ros/srv/ListLabels.js
Symlinking /home/jose/cecs_461_ws/devel/share/gennodejs/ros/rtabmap_ros/srv/_index.js
Symlinking /home/jose/cecs_461_ws/devel/share/roseus/ros/rtabmap_ros/manifest.l
Symlinking /home/jose/cecs_461_ws/devel/share/roseus/ros/rtabmap_ros/msg/Link.l
Symlinking /home/jose/cecs_461_ws/devel/share/roseus/ros/rtabmap_ros/msg/Point2f.l
Symlinking /home/jose/cecs_461_ws/devel/share/roseus/ros/rtabmap_ros/msg/GPS.l
Symlinking /home/jose/cecs_461_ws/devel/share/roseus/ros/rtabmap_ros/msg/Point3f.l
Symlinking /home/jose/cecs_461_ws/devel/share/roseus/ros/rtabmap_ros/msg/Path.l
Symlinking /home/jose/cecs_461_ws/devel/share/roseus/ros/rtabmap_ros/msg/RGBDImage.l
Symlinking /home/jose/cecs_461_ws/devel/share/roseus/ros/rtabmap_ros/msg/Goal.l
Symlinking /home/jose/cecs_461_ws/devel/share/roseus/ros/rtabmap_ros/msg/OdomInfo.l
Symlinking /home/jose/cecs_461_ws/devel/share/roseus/ros/rtabmap_ros/msg/Info.l
Symlinking /home/jose/cecs_461_ws/devel/share/roseus/ros/rtabmap_ros/msg/UserData.l
Symlinking /home/jose/cecs_461_ws/devel/share/roseus/ros/rtabmap_ros/msg/NodeData.l
Symlinking /home/jose/cecs_461_ws/devel/share/roseus/ros/rtabmap_ros/msg/MapGraph.l
Symlinking /home/jose/cecs_461_ws/devel/share/roseus/ros/rtabmap_ros/msg/KeyPoint.l
Symlinking /home/jose/cecs_461_ws/devel/share/roseus/ros/rtabmap_ros/msg/MapData.l
Symlinking /home/jose/cecs_461_ws/devel/share/roseus/ros/rtabmap_ros/srv/GetMap.l
Symlinking /home/jose/cecs_461_ws/devel/share/roseus/ros/rtabmap_ros/srv/SetLabel.l
Symlinking /home/jose/cecs_461_ws/devel/share/roseus/ros/rtabmap_ros/srv/GetPlan.l
Symlinking /home/jose/cecs_461_ws/devel/share/roseus/ros/rtabmap_ros/srv/ResetPose.l
Symlinking /home/jose/cecs_461_ws/devel/share/roseus/ros/rtabmap_ros/srv/PublishMap.l
Symlinking /home/jose/cecs_461_ws/devel/share/roseus/ros/rtabmap_ros/srv/ListLabels.l
Symlinking /home/jose/cecs_461_ws/devel/share/roseus/ros/rtabmap_ros/srv/SetGoal.l
Symlinking /home/jose/cecs_461_ws/devel/share/rtabmap_ros/cmake/rtabmap_ros-msg-extras.cmake
Symlinking /home/jose/cecs_461_ws/devel/share/rtabmap_ros/cmake/rtabmap_rosConfig-version.cmake
Symlinking /home/jose/cecs_461_ws/devel/share/rtabmap_ros/cmake/rtabmap_ros-msg-paths.cmake
Symlinking /home/jose/cecs_461_ws/devel/share/rtabmap_ros/cmake/rtabmap_rosConfig.cmake
Symlinking /home/jose/cecs_461_ws/devel/share/rtabmap_ros/docs/CameraConfig-usage.dox
Symlinking /home/jose/cecs_461_ws/devel/share/rtabmap_ros/docs/CameraConfig.dox
Symlinking /home/jose/cecs_461_ws/devel/share/rtabmap_ros/docs/CameraConfig.wikidoc
Symlinking /home/jose/cecs_461_ws/devel/share/common-lisp/ros/rtabmap_ros/msg/Link.lisp
Symlinking /home/jose/cecs_461_ws/devel/share/common-lisp/ros/rtabmap_ros/msg/Path.lisp
Symlinking /home/jose/cecs_461_ws/devel/share/common-lisp/ros/rtabmap_ros/msg/RGBDImage.lisp
Symlinking /home/jose/cecs_461_ws/devel/share/common-lisp/ros/rtabmap_ros/msg/_package_MapGraph.lisp
Symlinking /home/jose/cecs_461_ws/devel/share/common-lisp/ros/rtabmap_ros/msg/_package_OdomInfo.lisp
Symlinking /home/jose/cecs_461_ws/devel/share/common-lisp/ros/rtabmap_ros/msg/_package_RGBDImage.lisp
Symlinking /home/jose/cecs_461_ws/devel/share/common-lisp/ros/rtabmap_ros/msg/GPS.lisp
Symlinking /home/jose/cecs_461_ws/devel/share/common-lisp/ros/rtabmap_ros/msg/_package_Goal.lisp
Symlinking /home/jose/cecs_461_ws/devel/share/common-lisp/ros/rtabmap_ros/msg/MapData.lisp
Symlinking /home/jose/cecs_461_ws/devel/share/common-lisp/ros/rtabmap_ros/msg/Point2f.lisp
Symlinking /home/jose/cecs_461_ws/devel/share/common-lisp/ros/rtabmap_ros/msg/OdomInfo.lisp
Symlinking /home/jose/cecs_461_ws/devel/share/common-lisp/ros/rtabmap_ros/msg/UserData.lisp
Symlinking /home/jose/cecs_461_ws/devel/share/common-lisp/ros/rtabmap_ros/msg/_package_Point2f.lisp
Symlinking /home/jose/cecs_461_ws/devel/share/common-lisp/ros/rtabmap_ros/msg/_package_Path.lisp
Symlinking /home/jose/cecs_461_ws/devel/share/common-lisp/ros/rtabmap_ros/msg/Point3f.lisp
Symlinking /home/jose/cecs_461_ws/devel/share/common-lisp/ros/rtabmap_ros/msg/_package.lisp
Symlinking /home/jose/cecs_461_ws/devel/share/common-lisp/ros/rtabmap_ros/msg/Info.lisp
Symlinking /home/jose/cecs_461_ws/devel/share/common-lisp/ros/rtabmap_ros/msg/_package_Info.lisp
Symlinking /home/jose/cecs_461_ws/devel/share/common-lisp/ros/rtabmap_ros/msg/_package_Link.lisp
Symlinking /home/jose/cecs_461_ws/devel/share/common-lisp/ros/rtabmap_ros/msg/_package_GPS.lisp
Symlinking /home/jose/cecs_461_ws/devel/share/common-lisp/ros/rtabmap_ros/msg/_package_NodeData.lisp
Symlinking /home/jose/cecs_461_ws/devel/share/common-lisp/ros/rtabmap_ros/msg/_package_UserData.lisp
Symlinking /home/jose/cecs_461_ws/devel/share/common-lisp/ros/rtabmap_ros/msg/_package_KeyPoint.lisp
Symlinking /home/jose/cecs_461_ws/devel/share/common-lisp/ros/rtabmap_ros/msg/_package_Point3f.lisp
Symlinking /home/jose/cecs_461_ws/devel/share/common-lisp/ros/rtabmap_ros/msg/_package_MapData.lisp
Symlinking /home/jose/cecs_461_ws/devel/share/common-lisp/ros/rtabmap_ros/msg/NodeData.lisp
Symlinking /home/jose/cecs_461_ws/devel/share/common-lisp/ros/rtabmap_ros/msg/KeyPoint.lisp
Symlinking /home/jose/cecs_461_ws/devel/share/common-lisp/ros/rtabmap_ros/msg/Goal.lisp
Symlinking /home/jose/cecs_461_ws/devel/share/common-lisp/ros/rtabmap_ros/msg/rtabmap_ros-msg.asd
Symlinking /home/jose/cecs_461_ws/devel/share/common-lisp/ros/rtabmap_ros/msg/MapGraph.lisp
Symlinking /home/jose/cecs_461_ws/devel/share/common-lisp/ros/rtabmap_ros/srv/PublishMap.lisp
Symlinking /home/jose/cecs_461_ws/devel/share/common-lisp/ros/rtabmap_ros/srv/_package_ListLabels.lisp
Symlinking /home/jose/cecs_461_ws/devel/share/common-lisp/ros/rtabmap_ros/srv/GetMap.lisp
Symlinking /home/jose/cecs_461_ws/devel/share/common-lisp/ros/rtabmap_ros/srv/_package_PublishMap.lisp
Symlinking /home/jose/cecs_461_ws/devel/share/common-lisp/ros/rtabmap_ros/srv/SetGoal.lisp
Symlinking /home/jose/cecs_461_ws/devel/share/common-lisp/ros/rtabmap_ros/srv/_package_GetMap.lisp
Symlinking /home/jose/cecs_461_ws/devel/share/common-lisp/ros/rtabmap_ros/srv/_package_SetLabel.lisp
Symlinking /home/jose/cecs_461_ws/devel/share/common-lisp/ros/rtabmap_ros/srv/_package_GetPlan.lisp
Symlinking /home/jose/cecs_461_ws/devel/share/common-lisp/ros/rtabmap_ros/srv/_package_ResetPose.lisp
Symlinking /home/jose/cecs_461_ws/devel/share/common-lisp/ros/rtabmap_ros/srv/_package.lisp
Symlinking /home/jose/cecs_461_ws/devel/share/common-lisp/ros/rtabmap_ros/srv/_package_SetGoal.lisp
Symlinking /home/jose/cecs_461_ws/devel/share/common-lisp/ros/rtabmap_ros/srv/ListLabels.lisp
Symlinking /home/jose/cecs_461_ws/devel/share/common-lisp/ros/rtabmap_ros/srv/rtabmap_ros-srv.asd
Symlinking /home/jose/cecs_461_ws/devel/share/common-lisp/ros/rtabmap_ros/srv/SetLabel.lisp
Symlinking /home/jose/cecs_461_ws/devel/share/common-lisp/ros/rtabmap_ros/srv/ResetPose.lisp
Symlinking /home/jose/cecs_461_ws/devel/share/common-lisp/ros/rtabmap_ros/srv/GetPlan.lisp
Symlinking /home/jose/cecs_461_ws/devel/include/rtabmap_ros/Path.h
Symlinking /home/jose/cecs_461_ws/devel/include/rtabmap_ros/GetMapResponse.h
Symlinking /home/jose/cecs_461_ws/devel/include/rtabmap_ros/NodeData.h
Symlinking /home/jose/cecs_461_ws/devel/include/rtabmap_ros/SetLabelResponse.h
Symlinking /home/jose/cecs_461_ws/devel/include/rtabmap_ros/GetMap.h
Symlinking /home/jose/cecs_461_ws/devel/include/rtabmap_ros/MapData.h
Symlinking /home/jose/cecs_461_ws/devel/include/rtabmap_ros/ResetPose.h
Symlinking /home/jose/cecs_461_ws/devel/include/rtabmap_ros/GPS.h
Symlinking /home/jose/cecs_461_ws/devel/include/rtabmap_ros/MapGraph.h
Symlinking /home/jose/cecs_461_ws/devel/include/rtabmap_ros/PublishMap.h
Symlinking /home/jose/cecs_461_ws/devel/include/rtabmap_ros/GetPlan.h
Symlinking /home/jose/cecs_461_ws/devel/include/rtabmap_ros/UserData.h
Symlinking /home/jose/cecs_461_ws/devel/include/rtabmap_ros/ResetPoseResponse.h
Symlinking /home/jose/cecs_461_ws/devel/include/rtabmap_ros/SetGoalResponse.h
Symlinking /home/jose/cecs_461_ws/devel/include/rtabmap_ros/ListLabelsResponse.h
Symlinking /home/jose/cecs_461_ws/devel/include/rtabmap_ros/GetPlanRequest.h
Symlinking /home/jose/cecs_461_ws/devel/include/rtabmap_ros/PublishMapRequest.h
Symlinking /home/jose/cecs_461_ws/devel/include/rtabmap_ros/PublishMapResponse.h
Symlinking /home/jose/cecs_461_ws/devel/include/rtabmap_ros/SetGoalRequest.h
Symlinking /home/jose/cecs_461_ws/devel/include/rtabmap_ros/ListLabels.h
Symlinking /home/jose/cecs_461_ws/devel/include/rtabmap_ros/GetMapRequest.h
Symlinking /home/jose/cecs_461_ws/devel/include/rtabmap_ros/SetLabelRequest.h
Symlinking /home/jose/cecs_461_ws/devel/include/rtabmap_ros/Point2f.h
Symlinking /home/jose/cecs_461_ws/devel/include/rtabmap_ros/Point3f.h
Symlinking /home/jose/cecs_461_ws/devel/include/rtabmap_ros/CameraConfig.h
Symlinking /home/jose/cecs_461_ws/devel/include/rtabmap_ros/OdomInfo.h
Symlinking /home/jose/cecs_461_ws/devel/include/rtabmap_ros/SetLabel.h
Symlinking /home/jose/cecs_461_ws/devel/include/rtabmap_ros/Info.h
Symlinking /home/jose/cecs_461_ws/devel/include/rtabmap_ros/Link.h
Symlinking /home/jose/cecs_461_ws/devel/include/rtabmap_ros/KeyPoint.h
Symlinking /home/jose/cecs_461_ws/devel/include/rtabmap_ros/SetGoal.h
Symlinking /home/jose/cecs_461_ws/devel/include/rtabmap_ros/ResetPoseRequest.h
Symlinking /home/jose/cecs_461_ws/devel/include/rtabmap_ros/RGBDImage.h
Symlinking /home/jose/cecs_461_ws/devel/include/rtabmap_ros/ListLabelsRequest.h
Symlinking /home/jose/cecs_461_ws/devel/include/rtabmap_ros/GetPlanResponse.h
Symlinking /home/jose/cecs_461_ws/devel/include/rtabmap_ros/Goal.h
Symlinking /home/jose/cecs_461_ws/devel/lib/librtabmap_plugins.so
Symlinking /home/jose/cecs_461_ws/devel/lib/librtabmap_sync.so
Symlinking /home/jose/cecs_461_ws/devel/lib/librtabmap_ros.so
Symlinking /home/jose/cecs_461_ws/devel/lib/python2.7/dist-packages/rtabmap_ros/__init__.py
Symlinking /home/jose/cecs_461_ws/devel/lib/python2.7/dist-packages/rtabmap_ros/msg/_UserData.py
Symlinking /home/jose/cecs_461_ws/devel/lib/python2.7/dist-packages/rtabmap_ros/msg/_Link.py
Symlinking /home/jose/cecs_461_ws/devel/lib/python2.7/dist-packages/rtabmap_ros/msg/_RGBDImage.py
Symlinking /home/jose/cecs_461_ws/devel/lib/python2.7/dist-packages/rtabmap_ros/msg/_Point2f.py
Symlinking /home/jose/cecs_461_ws/devel/lib/python2.7/dist-packages/rtabmap_ros/msg/_OdomInfo.py
Symlinking /home/jose/cecs_461_ws/devel/lib/python2.7/dist-packages/rtabmap_ros/msg/__init__.py
Symlinking /home/jose/cecs_461_ws/devel/lib/python2.7/dist-packages/rtabmap_ros/msg/_MapData.py
Symlinking /home/jose/cecs_461_ws/devel/lib/python2.7/dist-packages/rtabmap_ros/msg/_Info.py
Symlinking /home/jose/cecs_461_ws/devel/lib/python2.7/dist-packages/rtabmap_ros/msg/_MapGraph.py
Symlinking /home/jose/cecs_461_ws/devel/lib/python2.7/dist-packages/rtabmap_ros/msg/_GPS.py
Symlinking /home/jose/cecs_461_ws/devel/lib/python2.7/dist-packages/rtabmap_ros/msg/_Goal.py
Symlinking /home/jose/cecs_461_ws/devel/lib/python2.7/dist-packages/rtabmap_ros/msg/_NodeData.py
Symlinking /home/jose/cecs_461_ws/devel/lib/python2.7/dist-packages/rtabmap_ros/msg/_Path.py
Symlinking /home/jose/cecs_461_ws/devel/lib/python2.7/dist-packages/rtabmap_ros/msg/_Point3f.py
Symlinking /home/jose/cecs_461_ws/devel/lib/python2.7/dist-packages/rtabmap_ros/msg/_KeyPoint.py
Symlinking /home/jose/cecs_461_ws/devel/lib/python2.7/dist-packages/rtabmap_ros/srv/_ResetPose.py
Symlinking /home/jose/cecs_461_ws/devel/lib/python2.7/dist-packages/rtabmap_ros/srv/_SetLabel.py
Symlinking /home/jose/cecs_461_ws/devel/lib/python2.7/dist-packages/rtabmap_ros/srv/__init__.py
Symlinking /home/jose/cecs_461_ws/devel/lib/python2.7/dist-packages/rtabmap_ros/srv/_GetPlan.py
Symlinking /home/jose/cecs_461_ws/devel/lib/python2.7/dist-packages/rtabmap_ros/srv/_PublishMap.py
Symlinking /home/jose/cecs_461_ws/devel/lib/python2.7/dist-packages/rtabmap_ros/srv/_SetGoal.py
Symlinking /home/jose/cecs_461_ws/devel/lib/python2.7/dist-packages/rtabmap_ros/srv/_GetMap.py
Symlinking /home/jose/cecs_461_ws/devel/lib/python2.7/dist-packages/rtabmap_ros/srv/_ListLabels.py
Symlinking /home/jose/cecs_461_ws/devel/lib/python2.7/dist-packages/rtabmap_ros/cfg/__init__.py
Symlinking /home/jose/cecs_461_ws/devel/lib/python2.7/dist-packages/rtabmap_ros/cfg/CameraConfig.py
Symlinking /home/jose/cecs_461_ws/devel/lib/pkgconfig/rtabmap_ros.pc
Symlinking /home/jose/cecs_461_ws/devel/lib/rtabmap_ros/rtabmap
Symlinking /home/jose/cecs_461_ws/devel/lib/rtabmap_ros/camera
Symlinking /home/jose/cecs_461_ws/devel/lib/rtabmap_ros/imu_to_tf
Symlinking /home/jose/cecs_461_ws/devel/lib/rtabmap_ros/rgbdicp_odometry
Symlinking /home/jose/cecs_461_ws/devel/lib/rtabmap_ros/wifi_signal_pub
Symlinking /home/jose/cecs_461_ws/devel/lib/rtabmap_ros/wifi_signal_sub
Symlinking /home/jose/cecs_461_ws/devel/lib/rtabmap_ros/rgbd_relay
Symlinking /home/jose/cecs_461_ws/devel/lib/rtabmap_ros/rtabmapviz
Symlinking /home/jose/cecs_461_ws/devel/lib/rtabmap_ros/odom_msg_to_tf
Symlinking /home/jose/cecs_461_ws/devel/lib/rtabmap_ros/stereo_camera
Symlinking /home/jose/cecs_461_ws/devel/lib/rtabmap_ros/map_optimizer
Symlinking /home/jose/cecs_461_ws/devel/lib/rtabmap_ros/icp_odometry
Symlinking /home/jose/cecs_461_ws/devel/lib/rtabmap_ros/pointcloud_to_depthimage
Symlinking /home/jose/cecs_461_ws/devel/lib/rtabmap_ros/stereo_odometry
Symlinking /home/jose/cecs_461_ws/devel/lib/rtabmap_ros/rgbd_odometry
Symlinking /home/jose/cecs_461_ws/devel/lib/rtabmap_ros/data_player
Symlinking /home/jose/cecs_461_ws/devel/lib/rtabmap_ros/save_objects_example
Symlinking /home/jose/cecs_461_ws/devel/lib/rtabmap_ros/rgbd_sync
Symlinking /home/jose/cecs_461_ws/devel/lib/rtabmap_ros/map_assembler
