Determining if the pthread_create exist failed with the following output:
Change Dir: /home/jose/cecs_461_ws/build/hector_geotiff/CMakeFiles/CMakeTmp

Run Build Command:"/usr/bin/make" "cmTC_0ef77/fast"
/usr/bin/make -f CMakeFiles/cmTC_0ef77.dir/build.make CMakeFiles/cmTC_0ef77.dir/build
make[1]: Entering directory '/home/jose/cecs_461_ws/build/hector_geotiff/CMakeFiles/CMakeTmp'
Building C object CMakeFiles/cmTC_0ef77.dir/CheckSymbolExists.c.o
/usr/bin/cc     -o CMakeFiles/cmTC_0ef77.dir/CheckSymbolExists.c.o   -c /home/jose/cecs_461_ws/build/hector_geotiff/CMakeFiles/CMakeTmp/CheckSymbolExists.c
Linking C executable cmTC_0ef77
/usr/bin/cmake -E cmake_link_script CMakeFiles/cmTC_0ef77.dir/link.txt --verbose=1
/usr/bin/cc       CMakeFiles/cmTC_0ef77.dir/CheckSymbolExists.c.o  -o cmTC_0ef77 -rdynamic 
CMakeFiles/cmTC_0ef77.dir/CheckSymbolExists.c.o: In function `main':
CheckSymbolExists.c:(.text+0x16): undefined reference to `pthread_create'
collect2: error: ld returned 1 exit status
CMakeFiles/cmTC_0ef77.dir/build.make:97: recipe for target 'cmTC_0ef77' failed
make[1]: *** [cmTC_0ef77] Error 1
make[1]: Leaving directory '/home/jose/cecs_461_ws/build/hector_geotiff/CMakeFiles/CMakeTmp'
Makefile:126: recipe for target 'cmTC_0ef77/fast' failed
make: *** [cmTC_0ef77/fast] Error 2

File /home/jose/cecs_461_ws/build/hector_geotiff/CMakeFiles/CMakeTmp/CheckSymbolExists.c:
/* */
#include <pthread.h>

int main(int argc, char** argv)
{
  (void)argv;
#ifndef pthread_create
  return ((int*)(&pthread_create))[argc];
#else
  (void)argc;
  return 0;
#endif
}

Determining if the function pthread_create exists in the pthreads failed with the following output:
Change Dir: /home/jose/cecs_461_ws/build/hector_geotiff/CMakeFiles/CMakeTmp

Run Build Command:"/usr/bin/make" "cmTC_c5d9a/fast"
/usr/bin/make -f CMakeFiles/cmTC_c5d9a.dir/build.make CMakeFiles/cmTC_c5d9a.dir/build
make[1]: Entering directory '/home/jose/cecs_461_ws/build/hector_geotiff/CMakeFiles/CMakeTmp'
Building C object CMakeFiles/cmTC_c5d9a.dir/CheckFunctionExists.c.o
/usr/bin/cc    -DCHECK_FUNCTION_EXISTS=pthread_create   -o CMakeFiles/cmTC_c5d9a.dir/CheckFunctionExists.c.o   -c /usr/share/cmake-3.5/Modules/CheckFunctionExists.c
Linking C executable cmTC_c5d9a
/usr/bin/cmake -E cmake_link_script CMakeFiles/cmTC_c5d9a.dir/link.txt --verbose=1
/usr/bin/cc   -DCHECK_FUNCTION_EXISTS=pthread_create    CMakeFiles/cmTC_c5d9a.dir/CheckFunctionExists.c.o  -o cmTC_c5d9a -rdynamic -lpthreads 
/usr/bin/ld: cannot find -lpthreads
collect2: error: ld returned 1 exit status
CMakeFiles/cmTC_c5d9a.dir/build.make:97: recipe for target 'cmTC_c5d9a' failed
make[1]: *** [cmTC_c5d9a] Error 1
make[1]: Leaving directory '/home/jose/cecs_461_ws/build/hector_geotiff/CMakeFiles/CMakeTmp'
Makefile:126: recipe for target 'cmTC_c5d9a/fast' failed
make: *** [cmTC_c5d9a/fast] Error 2


Determining if the Q_WS_WIN exist failed with the following output:
Change Dir: /home/jose/cecs_461_ws/build/hector_geotiff/CMakeFiles/CMakeTmp

Run Build Command:"/usr/bin/make" "cmTC_07172/fast"
/usr/bin/make -f CMakeFiles/cmTC_07172.dir/build.make CMakeFiles/cmTC_07172.dir/build
make[1]: Entering directory '/home/jose/cecs_461_ws/build/hector_geotiff/CMakeFiles/CMakeTmp'
Building CXX object CMakeFiles/cmTC_07172.dir/CheckSymbolExists.cxx.o
/usr/bin/c++    -I/usr/include/qt4   -o CMakeFiles/cmTC_07172.dir/CheckSymbolExists.cxx.o -c /home/jose/cecs_461_ws/build/hector_geotiff/CMakeFiles/CMakeTmp/CheckSymbolExists.cxx
/home/jose/cecs_461_ws/build/hector_geotiff/CMakeFiles/CMakeTmp/CheckSymbolExists.cxx: In function ‘int main(int, char**)’:
/home/jose/cecs_461_ws/build/hector_geotiff/CMakeFiles/CMakeTmp/CheckSymbolExists.cxx:8:19: error: ‘Q_WS_WIN’ was not declared in this scope
   return ((int*)(&Q_WS_WIN))[argc];
                   ^
CMakeFiles/cmTC_07172.dir/build.make:65: recipe for target 'CMakeFiles/cmTC_07172.dir/CheckSymbolExists.cxx.o' failed
make[1]: *** [CMakeFiles/cmTC_07172.dir/CheckSymbolExists.cxx.o] Error 1
make[1]: Leaving directory '/home/jose/cecs_461_ws/build/hector_geotiff/CMakeFiles/CMakeTmp'
Makefile:126: recipe for target 'cmTC_07172/fast' failed
make: *** [cmTC_07172/fast] Error 2

File /home/jose/cecs_461_ws/build/hector_geotiff/CMakeFiles/CMakeTmp/CheckSymbolExists.cxx:
/* */
#include <QtCore/qglobal.h>

int main(int argc, char** argv)
{
  (void)argv;
#ifndef Q_WS_WIN
  return ((int*)(&Q_WS_WIN))[argc];
#else
  (void)argc;
  return 0;
#endif
}

Determining if the Q_WS_QWS exist failed with the following output:
Change Dir: /home/jose/cecs_461_ws/build/hector_geotiff/CMakeFiles/CMakeTmp

Run Build Command:"/usr/bin/make" "cmTC_d0f3f/fast"
/usr/bin/make -f CMakeFiles/cmTC_d0f3f.dir/build.make CMakeFiles/cmTC_d0f3f.dir/build
make[1]: Entering directory '/home/jose/cecs_461_ws/build/hector_geotiff/CMakeFiles/CMakeTmp'
Building CXX object CMakeFiles/cmTC_d0f3f.dir/CheckSymbolExists.cxx.o
/usr/bin/c++    -I/usr/include/qt4   -o CMakeFiles/cmTC_d0f3f.dir/CheckSymbolExists.cxx.o -c /home/jose/cecs_461_ws/build/hector_geotiff/CMakeFiles/CMakeTmp/CheckSymbolExists.cxx
/home/jose/cecs_461_ws/build/hector_geotiff/CMakeFiles/CMakeTmp/CheckSymbolExists.cxx: In function ‘int main(int, char**)’:
/home/jose/cecs_461_ws/build/hector_geotiff/CMakeFiles/CMakeTmp/CheckSymbolExists.cxx:8:19: error: ‘Q_WS_QWS’ was not declared in this scope
   return ((int*)(&Q_WS_QWS))[argc];
                   ^
CMakeFiles/cmTC_d0f3f.dir/build.make:65: recipe for target 'CMakeFiles/cmTC_d0f3f.dir/CheckSymbolExists.cxx.o' failed
make[1]: *** [CMakeFiles/cmTC_d0f3f.dir/CheckSymbolExists.cxx.o] Error 1
make[1]: Leaving directory '/home/jose/cecs_461_ws/build/hector_geotiff/CMakeFiles/CMakeTmp'
Makefile:126: recipe for target 'cmTC_d0f3f/fast' failed
make: *** [cmTC_d0f3f/fast] Error 2

File /home/jose/cecs_461_ws/build/hector_geotiff/CMakeFiles/CMakeTmp/CheckSymbolExists.cxx:
/* */
#include <QtCore/qglobal.h>

int main(int argc, char** argv)
{
  (void)argv;
#ifndef Q_WS_QWS
  return ((int*)(&Q_WS_QWS))[argc];
#else
  (void)argc;
  return 0;
#endif
}

Determining if the Q_WS_MAC exist failed with the following output:
Change Dir: /home/jose/cecs_461_ws/build/hector_geotiff/CMakeFiles/CMakeTmp

Run Build Command:"/usr/bin/make" "cmTC_ee568/fast"
/usr/bin/make -f CMakeFiles/cmTC_ee568.dir/build.make CMakeFiles/cmTC_ee568.dir/build
make[1]: Entering directory '/home/jose/cecs_461_ws/build/hector_geotiff/CMakeFiles/CMakeTmp'
Building CXX object CMakeFiles/cmTC_ee568.dir/CheckSymbolExists.cxx.o
/usr/bin/c++    -I/usr/include/qt4   -o CMakeFiles/cmTC_ee568.dir/CheckSymbolExists.cxx.o -c /home/jose/cecs_461_ws/build/hector_geotiff/CMakeFiles/CMakeTmp/CheckSymbolExists.cxx
/home/jose/cecs_461_ws/build/hector_geotiff/CMakeFiles/CMakeTmp/CheckSymbolExists.cxx: In function ‘int main(int, char**)’:
/home/jose/cecs_461_ws/build/hector_geotiff/CMakeFiles/CMakeTmp/CheckSymbolExists.cxx:8:19: error: ‘Q_WS_MAC’ was not declared in this scope
   return ((int*)(&Q_WS_MAC))[argc];
                   ^
CMakeFiles/cmTC_ee568.dir/build.make:65: recipe for target 'CMakeFiles/cmTC_ee568.dir/CheckSymbolExists.cxx.o' failed
make[1]: *** [CMakeFiles/cmTC_ee568.dir/CheckSymbolExists.cxx.o] Error 1
make[1]: Leaving directory '/home/jose/cecs_461_ws/build/hector_geotiff/CMakeFiles/CMakeTmp'
Makefile:126: recipe for target 'cmTC_ee568/fast' failed
make: *** [cmTC_ee568/fast] Error 2

File /home/jose/cecs_461_ws/build/hector_geotiff/CMakeFiles/CMakeTmp/CheckSymbolExists.cxx:
/* */
#include <QtCore/qglobal.h>

int main(int argc, char** argv)
{
  (void)argv;
#ifndef Q_WS_MAC
  return ((int*)(&Q_WS_MAC))[argc];
#else
  (void)argc;
  return 0;
#endif
}

