Determining if the pthread_create exist failed with the following output:
Change Dir: /home/jose/cecs_461_ws/build/kinect2_registration/CMakeFiles/CMakeTmp

Run Build Command:"/usr/bin/make" "cmTC_e15f6/fast"
/usr/bin/make -f CMakeFiles/cmTC_e15f6.dir/build.make CMakeFiles/cmTC_e15f6.dir/build
make[1]: Entering directory '/home/jose/cecs_461_ws/build/kinect2_registration/CMakeFiles/CMakeTmp'
Building C object CMakeFiles/cmTC_e15f6.dir/CheckSymbolExists.c.o
/usr/bin/cc     -o CMakeFiles/cmTC_e15f6.dir/CheckSymbolExists.c.o   -c /home/jose/cecs_461_ws/build/kinect2_registration/CMakeFiles/CMakeTmp/CheckSymbolExists.c
Linking C executable cmTC_e15f6
/usr/bin/cmake -E cmake_link_script CMakeFiles/cmTC_e15f6.dir/link.txt --verbose=1
/usr/bin/cc       CMakeFiles/cmTC_e15f6.dir/CheckSymbolExists.c.o  -o cmTC_e15f6 -rdynamic 
CMakeFiles/cmTC_e15f6.dir/CheckSymbolExists.c.o: In function `main':
CheckSymbolExists.c:(.text+0x16): undefined reference to `pthread_create'
collect2: error: ld returned 1 exit status
CMakeFiles/cmTC_e15f6.dir/build.make:97: recipe for target 'cmTC_e15f6' failed
make[1]: *** [cmTC_e15f6] Error 1
make[1]: Leaving directory '/home/jose/cecs_461_ws/build/kinect2_registration/CMakeFiles/CMakeTmp'
Makefile:126: recipe for target 'cmTC_e15f6/fast' failed
make: *** [cmTC_e15f6/fast] Error 2

File /home/jose/cecs_461_ws/build/kinect2_registration/CMakeFiles/CMakeTmp/CheckSymbolExists.c:
/* */
#include <pthread.h>

int main(int argc, char** argv)
{
  (void)argv;
#ifndef pthread_create
  return ((int*)(&pthread_create))[argc];
#else
  (void)argc;
  return 0;
#endif
}

Determining if the function pthread_create exists in the pthreads failed with the following output:
Change Dir: /home/jose/cecs_461_ws/build/kinect2_registration/CMakeFiles/CMakeTmp

Run Build Command:"/usr/bin/make" "cmTC_60053/fast"
/usr/bin/make -f CMakeFiles/cmTC_60053.dir/build.make CMakeFiles/cmTC_60053.dir/build
make[1]: Entering directory '/home/jose/cecs_461_ws/build/kinect2_registration/CMakeFiles/CMakeTmp'
Building C object CMakeFiles/cmTC_60053.dir/CheckFunctionExists.c.o
/usr/bin/cc    -DCHECK_FUNCTION_EXISTS=pthread_create   -o CMakeFiles/cmTC_60053.dir/CheckFunctionExists.c.o   -c /usr/share/cmake-3.5/Modules/CheckFunctionExists.c
Linking C executable cmTC_60053
/usr/bin/cmake -E cmake_link_script CMakeFiles/cmTC_60053.dir/link.txt --verbose=1
/usr/bin/cc   -DCHECK_FUNCTION_EXISTS=pthread_create    CMakeFiles/cmTC_60053.dir/CheckFunctionExists.c.o  -o cmTC_60053 -rdynamic -lpthreads 
/usr/bin/ld: cannot find -lpthreads
collect2: error: ld returned 1 exit status
CMakeFiles/cmTC_60053.dir/build.make:97: recipe for target 'cmTC_60053' failed
make[1]: *** [cmTC_60053] Error 1
make[1]: Leaving directory '/home/jose/cecs_461_ws/build/kinect2_registration/CMakeFiles/CMakeTmp'
Makefile:126: recipe for target 'cmTC_60053/fast' failed
make: *** [cmTC_60053/fast] Error 2


Performing C++ SOURCE FILE Test OpenCL_CXX_WORKS failed with the following output:
Change Dir: /home/jose/cecs_461_ws/build/kinect2_registration/CMakeFiles/CMakeTmp

Run Build Command:"/usr/bin/make" "cmTC_a3a36/fast"
/usr/bin/make -f CMakeFiles/cmTC_a3a36.dir/build.make CMakeFiles/cmTC_a3a36.dir/build
make[1]: Entering directory '/home/jose/cecs_461_ws/build/kinect2_registration/CMakeFiles/CMakeTmp'
Building CXX object CMakeFiles/cmTC_a3a36.dir/src.cxx.o
/usr/bin/c++    -I/include/internal  -DBT_USE_DOUBLE_PRECISION -Wall -Wuninitialized -Winit-self -Wunused-function -Wunused-label -Wunused-variable -Wunused-but-set-variable -Wunused-but-set-parameter -Warray-bounds -Wtype-limits -Wreturn-type -Wsequence-point -Wparentheses -Wmissing-braces -Wchar-subscripts -Wswitch -Wwrite-strings -Wenum-compare -Wempty-body -std=c++11 -fopenmp -DOpenCL_CXX_WORKS   -o CMakeFiles/cmTC_a3a36.dir/src.cxx.o -c /home/jose/cecs_461_ws/build/kinect2_registration/CMakeFiles/CMakeTmp/src.cxx
/home/jose/cecs_461_ws/build/kinect2_registration/CMakeFiles/CMakeTmp/src.cxx:2:21: fatal error: CL/cl.hpp: No such file or directory
compilation terminated.
CMakeFiles/cmTC_a3a36.dir/build.make:65: recipe for target 'CMakeFiles/cmTC_a3a36.dir/src.cxx.o' failed
make[1]: *** [CMakeFiles/cmTC_a3a36.dir/src.cxx.o] Error 1
make[1]: Leaving directory '/home/jose/cecs_461_ws/build/kinect2_registration/CMakeFiles/CMakeTmp'
Makefile:126: recipe for target 'cmTC_a3a36/fast' failed
make: *** [cmTC_a3a36/fast] Error 2

Source file was:

#include <CL/cl.hpp>
int main() {
  cl::Context context;
  cl::Platform platform;
  cl::Device device;
  return 0;
}
