[35m[1mScanning dependencies of target openni_camera_gencfg[0m
[35m[1mScanning dependencies of target openni_driver[0m
[  5%] [34m[1mGenerating dynamic reconfigure files from cfg/OpenNI.cfg: /home/jose/cecs_461_ws/devel/.private/openni_camera/include/openni_camera/OpenNIConfig.h /home/jose/cecs_461_ws/devel/.private/openni_camera/lib/python2.7/dist-packages/openni_camera/cfg/OpenNIConfig.py[0m
[ 11%] [32mBuilding CXX object CMakeFiles/openni_driver.dir/src/openni_device_primesense.cpp.o[0m
[ 27%] [32mBuilding CXX object CMakeFiles/openni_driver.dir/src/openni_device.cpp.o[0m
[ 27%] [32mBuilding CXX object CMakeFiles/openni_driver.dir/src/openni_device_kinect.cpp.o[0m
[ 27%] [32mBuilding CXX object CMakeFiles/openni_driver.dir/src/openni_exception.cpp.o[0m
[ 33%] [32mBuilding CXX object CMakeFiles/openni_driver.dir/src/openni_device_xtion.cpp.o[0m
[ 44%] [32mBuilding CXX object CMakeFiles/openni_driver.dir/src/openni_driver.cpp.o[0m
[ 44%] [32mBuilding CXX object CMakeFiles/openni_driver.dir/src/openni_device_oni.cpp.o[0m
Generating reconfiguration files for OpenNI in openni_camera
Wrote header file in /home/jose/cecs_461_ws/devel/.private/openni_camera/include/openni_camera/OpenNIConfig.h
[ 44%] Built target openni_camera_gencfg
[ 50%] [32mBuilding CXX object CMakeFiles/openni_driver.dir/src/openni_image_yuv_422.cpp.o[0m
[ 55%] [32mBuilding CXX object CMakeFiles/openni_driver.dir/src/openni_image_bayer_grbg.cpp.o[0m
[ 61%] [32mBuilding CXX object CMakeFiles/openni_driver.dir/src/openni_image_rgb24.cpp.o[0m
[ 66%] [32mBuilding CXX object CMakeFiles/openni_driver.dir/src/openni_ir_image.cpp.o[0m
[ 72%] [32mBuilding CXX object CMakeFiles/openni_driver.dir/src/openni_depth_image.cpp.o[0m
In file included from [01m[K/home/jose/cecs_461_ws/src/openni_camera/openni_camera/include/openni_camera/openni_device.h:44:0[m[K,
                 from [01m[K/home/jose/cecs_461_ws/src/openni_camera/openni_camera/include/openni_camera/openni_driver.h:44[m[K,
                 from [01m[K/home/jose/cecs_461_ws/src/openni_camera/openni_camera/src/openni_driver.cpp:37[m[K:
[01m[K/usr/include/ni/XnCppWrapper.h:[m[K In member function ‘[01m[Kvoid xn::Context::Shutdown()[m[K’:
[01m[K/usr/include/ni/XnCppWrapper.h:9558:27:[m[K [01;35m[Kwarning: [m[Kcall to ‘[01m[KxnShutdown[m[K’ declared with attribute warning: This function is deprecated: Use xnContextRelease() instead
     xnShutdown(m_pContext);
[01;32m[K                           ^[m[K
[01m[K/home/jose/cecs_461_ws/src/openni_camera/openni_camera/src/openni_driver.cpp:[m[K In destructor ‘[01m[Kopenni_wrapper::OpenNIDriver::~OpenNIDriver()[m[K’:
[01m[K/home/jose/cecs_461_ws/src/openni_camera/openni_camera/src/openni_driver.cpp:229:23:[m[K [01;35m[Kwarning: [m[Kcall to ‘[01m[Kxn::Context::Shutdown[m[K’ declared with attribute warning: This function is deprecated: You may use Release() instead, or count on dtor
   context_.Shutdown ();
[01;32m[K                       ^[m[K
[01m[K/home/jose/cecs_461_ws/src/openni_camera/openni_camera/src/openni_driver.cpp:[m[K In member function ‘[01m[Kvoid openni_wrapper::OpenNIDriver::getPrimesenseSerial(xn::NodeInfo, char*, unsigned int) const[m[K’:
[01m[K/home/jose/cecs_461_ws/src/openni_camera/openni_camera/src/openni_driver.cpp:239:44:[m[K [01;35m[Kwarning: [m[Kcall to ‘[01m[Kxn::Context::CreateProductionTree[m[K’ declared with attribute warning: This function is deprecated: Please use other overload
         context_.CreateProductionTree(info);
[01;32m[K                                            ^[m[K
In file included from [01m[K/home/jose/cecs_461_ws/src/openni_camera/openni_camera/include/openni_camera/openni_device.h:44:0[m[K,
                 from [01m[K/home/jose/cecs_461_ws/src/openni_camera/openni_camera/include/openni_camera/openni_device_oni.h:41[m[K,
                 from [01m[K/home/jose/cecs_461_ws/src/openni_camera/openni_camera/src/openni_device_oni.cpp:37[m[K:
[01m[K/usr/include/ni/XnCppWrapper.h:[m[K In member function ‘[01m[KXnStatus xn::Context::OpenFileRecording(const XnChar*)[m[K’:
[01m[K/usr/include/ni/XnCppWrapper.h:9548:61:[m[K [01;35m[Kwarning: [m[Kcall to ‘[01m[KxnContextOpenFileRecording[m[K’ declared with attribute warning: This function is deprecated: Please use xnContextOpenFileRecordingEx() instead
    return xnContextOpenFileRecording(m_pContext, strFileName);
[01;32m[K                                                             ^[m[K
[01m[K/home/jose/cecs_461_ws/src/openni_camera/openni_camera/src/openni_device_oni.cpp:[m[K In constructor ‘[01m[Kopenni_wrapper::DeviceONI::DeviceONI(xn::Context&, const string&, bool, bool)[m[K’:
[01m[K/home/jose/cecs_461_ws/src/openni_camera/openni_camera/src/openni_device_oni.cpp:54:57:[m[K [01;35m[Kwarning: [m[Kcall to ‘[01m[Kxn::Context::OpenFileRecording[m[K’ declared with attribute warning: This function is deprecated: Use other overload!
   status = context_.OpenFileRecording(file_name.c_str());
[01;32m[K                                                         ^[m[K
[01m[K/home/jose/cecs_461_ws/src/openni_camera/openni_camera/src/openni_device.cpp:[m[K In constructor ‘[01m[Kopenni_wrapper::OpenNIDevice::OpenNIDevice(xn::Context&, const xn::NodeInfo&, const xn::NodeInfo&, const xn::NodeInfo&, const xn::NodeInfo&)[m[K’:
[01m[K/home/jose/cecs_461_ws/src/openni_camera/openni_camera/src/openni_device.cpp:59:89:[m[K [01;35m[Kwarning: [m[Kcall to ‘[01m[Kxn::Context::CreateProductionTree[m[K’ declared with attribute warning: This function is deprecated: Please use other overload
   XnStatus status = context_.CreateProductionTree (const_cast<xn::NodeInfo&>(depth_node));
[01;32m[K                                                                                         ^[m[K
[01m[K/home/jose/cecs_461_ws/src/openni_camera/openni_camera/src/openni_device.cpp:63:81:[m[K [01;35m[Kwarning: [m[Kcall to ‘[01m[Kxn::Context::CreateProductionTree[m[K’ declared with attribute warning: This function is deprecated: Please use other overload
   status = context_.CreateProductionTree (const_cast<xn::NodeInfo&>(image_node));
[01;32m[K                                                                                 ^[m[K
[01m[K/home/jose/cecs_461_ws/src/openni_camera/openni_camera/src/openni_device.cpp:67:78:[m[K [01;35m[Kwarning: [m[Kcall to ‘[01m[Kxn::Context::CreateProductionTree[m[K’ declared with attribute warning: This function is deprecated: Please use other overload
   status = context_.CreateProductionTree (const_cast<xn::NodeInfo&>(ir_node));
[01;32m[K                                                                              ^[m[K
[01m[K/home/jose/cecs_461_ws/src/openni_camera/openni_camera/src/openni_device.cpp:[m[K In constructor ‘[01m[Kopenni_wrapper::OpenNIDevice::OpenNIDevice(xn::Context&, const xn::NodeInfo&, const xn::NodeInfo&, const xn::NodeInfo&)[m[K’:
[01m[K/home/jose/cecs_461_ws/src/openni_camera/openni_camera/src/openni_device.cpp:97:89:[m[K [01;35m[Kwarning: [m[Kcall to ‘[01m[Kxn::Context::CreateProductionTree[m[K’ declared with attribute warning: This function is deprecated: Please use other overload
   XnStatus status = context_.CreateProductionTree (const_cast<xn::NodeInfo&>(depth_node));
[01;32m[K                                                                                         ^[m[K
[01m[K/home/jose/cecs_461_ws/src/openni_camera/openni_camera/src/openni_device.cpp:101:78:[m[K [01;35m[Kwarning: [m[Kcall to ‘[01m[Kxn::Context::CreateProductionTree[m[K’ declared with attribute warning: This function is deprecated: Please use other overload
   status = context_.CreateProductionTree (const_cast<xn::NodeInfo&>(ir_node));
[01;32m[K                                                                              ^[m[K
[01m[K/home/jose/cecs_461_ws/src/openni_camera/openni_camera/src/openni_device.cpp:[m[K In member function ‘[01m[Kconst char* openni_wrapper::OpenNIDevice::getSerialNumber()[m[K’:
[01m[K/home/jose/cecs_461_ws/src/openni_camera/openni_camera/src/openni_device.cpp:663:57:[m[K [01;35m[Kwarning: [m[Kcall to ‘[01m[Kxn::Context::CreateProductionTree[m[K’ declared with attribute warning: This function is deprecated: Please use other overload
         context_.CreateProductionTree(device_node_info_);
[01;32m[K                                                         ^[m[K
[ 77%] [32m[1mLinking CXX shared library /home/jose/cecs_461_ws/devel/.private/openni_camera/lib/libopenni_driver.so[0m
[ 77%] Built target openni_driver
[35m[1mScanning dependencies of target openni_node[0m
[35m[1mScanning dependencies of target openni_nodelet[0m
[ 83%] [32mBuilding CXX object CMakeFiles/openni_node.dir/src/nodes/openni_node.cpp.o[0m
[ 88%] [32mBuilding CXX object CMakeFiles/openni_nodelet.dir/src/nodelets/driver.cpp.o[0m
[ 94%] [32m[1mLinking CXX executable /home/jose/cecs_461_ws/devel/.private/openni_camera/lib/openni_camera/openni_node[0m
[ 94%] Built target openni_node
[100%] [32m[1mLinking CXX shared library /home/jose/cecs_461_ws/devel/.private/openni_camera/lib/libopenni_nodelet.so[0m
[100%] Built target openni_nodelet
